[debug] [2025-08-11T21:37:10.559Z] ----------------------------------------------------------------------
[debug] [2025-08-11T21:37:10.564Z] Command:       C:\Program Files\nodejs\node.exe C:\Users\Admin\AppData\Roaming\npm\node_modules\firebase-tools\lib\bin\firebase.js deploy
[debug] [2025-08-11T21:37:10.564Z] CLI Version:   14.12.0
[debug] [2025-08-11T21:37:10.564Z] Platform:      win32
[debug] [2025-08-11T21:37:10.565Z] Node Version:  v22.17.1
[debug] [2025-08-11T21:37:10.565Z] Time:          Mon Aug 11 2025 17:37:10 GMT-0400 (Eastern Daylight Time)
[debug] [2025-08-11T21:37:10.565Z] ----------------------------------------------------------------------
[debug] 
[debug] [2025-08-11T21:37:10.916Z] > command requires scopes: ["email","openid","https://www.googleapis.com/auth/cloudplatformprojects.readonly","https://www.googleapis.com/auth/firebase","https://www.googleapis.com/auth/cloud-platform"]
[debug] [2025-08-11T21:37:10.918Z] > authorizing via signed-in user (justin@cascadepackaging.com)
[debug] [2025-08-11T21:37:10.918Z] [iam] checking project cmvsp-tsam for permissions ["cloudfunctions.functions.create","cloudfunctions.functions.delete","cloudfunctions.functions.get","cloudfunctions.functions.list","cloudfunctions.functions.update","cloudfunctions.operations.get","datastore.indexes.create","datastore.indexes.delete","datastore.indexes.list","datastore.indexes.update","firebase.projects.get","firebasehosting.sites.update"]
[debug] [2025-08-11T21:37:10.922Z] Checked if tokens are valid: false, expires at: 1754948727340
[debug] [2025-08-11T21:37:10.922Z] Checked if tokens are valid: false, expires at: 1754948727340
[debug] [2025-08-11T21:37:10.923Z] > refreshing access token with scopes: []
[debug] [2025-08-11T21:37:10.927Z] >>> [apiv2][query] POST https://www.googleapis.com/oauth2/v3/token [none]
[debug] [2025-08-11T21:37:10.927Z] >>> [apiv2][body] POST https://www.googleapis.com/oauth2/v3/token [omitted]
[debug] [2025-08-11T21:37:11.058Z] <<< [apiv2][status] POST https://www.googleapis.com/oauth2/v3/token 200
[debug] [2025-08-11T21:37:11.058Z] <<< [apiv2][body] POST https://www.googleapis.com/oauth2/v3/token [omitted]
[debug] [2025-08-11T21:37:11.072Z] >>> [apiv2][query] POST https://cloudresourcemanager.googleapis.com/v1/projects/cmvsp-tsam:testIamPermissions [none]
[debug] [2025-08-11T21:37:11.072Z] >>> [apiv2][(partial)header] POST https://cloudresourcemanager.googleapis.com/v1/projects/cmvsp-tsam:testIamPermissions x-goog-quota-user=projects/cmvsp-tsam
[debug] [2025-08-11T21:37:11.072Z] >>> [apiv2][body] POST https://cloudresourcemanager.googleapis.com/v1/projects/cmvsp-tsam:testIamPermissions {"permissions":["cloudfunctions.functions.create","cloudfunctions.functions.delete","cloudfunctions.functions.get","cloudfunctions.functions.list","cloudfunctions.functions.update","cloudfunctions.operations.get","datastore.indexes.create","datastore.indexes.delete","datastore.indexes.list","datastore.indexes.update","firebase.projects.get","firebasehosting.sites.update"]}
[debug] [2025-08-11T21:37:11.179Z] <<< [apiv2][status] POST https://cloudresourcemanager.googleapis.com/v1/projects/cmvsp-tsam:testIamPermissions 200
[debug] [2025-08-11T21:37:11.179Z] <<< [apiv2][body] POST https://cloudresourcemanager.googleapis.com/v1/projects/cmvsp-tsam:testIamPermissions {"permissions":["cloudfunctions.functions.create","cloudfunctions.functions.delete","cloudfunctions.functions.get","cloudfunctions.functions.list","cloudfunctions.functions.update","cloudfunctions.operations.get","datastore.indexes.create","datastore.indexes.delete","datastore.indexes.list","datastore.indexes.update","firebase.projects.get","firebasehosting.sites.update"]}
[debug] [2025-08-11T21:37:11.180Z] Checked if tokens are valid: true, expires at: 1754951830058
[debug] [2025-08-11T21:37:11.180Z] Checked if tokens are valid: true, expires at: 1754951830058
[debug] [2025-08-11T21:37:11.180Z] >>> [apiv2][query] POST https://iam.googleapis.com/v1/projects/cmvsp-tsam/serviceAccounts/cmvsp-tsam@appspot.gserviceaccount.com:testIamPermissions [none]
[debug] [2025-08-11T21:37:11.180Z] >>> [apiv2][body] POST https://iam.googleapis.com/v1/projects/cmvsp-tsam/serviceAccounts/cmvsp-tsam@appspot.gserviceaccount.com:testIamPermissions {"permissions":["iam.serviceAccounts.actAs"]}
[debug] [2025-08-11T21:37:11.398Z] <<< [apiv2][status] POST https://iam.googleapis.com/v1/projects/cmvsp-tsam/serviceAccounts/cmvsp-tsam@appspot.gserviceaccount.com:testIamPermissions 200
[debug] [2025-08-11T21:37:11.398Z] <<< [apiv2][body] POST https://iam.googleapis.com/v1/projects/cmvsp-tsam/serviceAccounts/cmvsp-tsam@appspot.gserviceaccount.com:testIamPermissions {"permissions":["iam.serviceAccounts.actAs"]}
[debug] [2025-08-11T21:37:11.399Z] Checked if tokens are valid: true, expires at: 1754951830058
[debug] [2025-08-11T21:37:11.399Z] Checked if tokens are valid: true, expires at: 1754951830058
[debug] [2025-08-11T21:37:11.400Z] >>> [apiv2][query] GET https://firebase.googleapis.com/v1beta1/projects/cmvsp-tsam [none]
[debug] [2025-08-11T21:37:11.607Z] <<< [apiv2][status] GET https://firebase.googleapis.com/v1beta1/projects/cmvsp-tsam 200
[debug] [2025-08-11T21:37:11.608Z] <<< [apiv2][body] GET https://firebase.googleapis.com/v1beta1/projects/cmvsp-tsam {"projectId":"cmvsp-tsam","projectNumber":"326800394138","displayName":"CMVSP APPS","name":"projects/cmvsp-tsam","resources":{"hostingSite":"cmvsp-tsam"},"state":"ACTIVE","etag":"1_1d19b2f5-305d-4701-8575-bd1479d1c341"}
[info] 
[info] === Deploying to 'cmvsp-tsam'...
[info] 
[info] i  deploying firestore, functions, hosting 
[info] i  cloud.firestore: checking firestore.rules for compilation errors... 
[debug] [2025-08-11T21:37:11.614Z] Checked if tokens are valid: true, expires at: 1754951830058
[debug] [2025-08-11T21:37:11.614Z] Checked if tokens are valid: true, expires at: 1754951830058
[debug] [2025-08-11T21:37:11.614Z] >>> [apiv2][query] POST https://firebaserules.googleapis.com/v1/projects/cmvsp-tsam:test [none]
[debug] [2025-08-11T21:37:11.614Z] >>> [apiv2][body] POST https://firebaserules.googleapis.com/v1/projects/cmvsp-tsam:test [omitted]
[debug] [2025-08-11T21:37:11.777Z] <<< [apiv2][status] POST https://firebaserules.googleapis.com/v1/projects/cmvsp-tsam:test 200
[debug] [2025-08-11T21:37:11.777Z] <<< [apiv2][body] POST https://firebaserules.googleapis.com/v1/projects/cmvsp-tsam:test {}
[info] +  cloud.firestore: rules file firestore.rules compiled successfully 
[debug] [2025-08-11T21:37:11.779Z] Checked if tokens are valid: true, expires at: 1754951830058
[debug] [2025-08-11T21:37:11.779Z] Checked if tokens are valid: true, expires at: 1754951830058
[debug] [2025-08-11T21:37:11.780Z] >>> [apiv2][query] GET https://cloudresourcemanager.googleapis.com/v1/projects/cmvsp-tsam [none]
[debug] [2025-08-11T21:37:11.894Z] <<< [apiv2][status] GET https://cloudresourcemanager.googleapis.com/v1/projects/cmvsp-tsam 200
[debug] [2025-08-11T21:37:11.894Z] <<< [apiv2][body] GET https://cloudresourcemanager.googleapis.com/v1/projects/cmvsp-tsam {"projectNumber":"326800394138","projectId":"cmvsp-tsam","lifecycleState":"ACTIVE","name":"CMVSP APPS","labels":{"firebase":"enabled","firebase-core":"disabled"},"createTime":"2025-07-29T23:57:10.547510Z"}
[info] i  functions: preparing codebase default for deployment 
[info] i  functions: ensuring required API cloudfunctions.googleapis.com is enabled... 
[info] i  functions: ensuring required API cloudbuild.googleapis.com is enabled... 
[info] i  artifactregistry: ensuring required API artifactregistry.googleapis.com is enabled... 
[debug] [2025-08-11T21:37:11.898Z] Checked if tokens are valid: true, expires at: 1754951830058
[debug] [2025-08-11T21:37:11.898Z] Checked if tokens are valid: true, expires at: 1754951830058
[debug] [2025-08-11T21:37:11.898Z] >>> [apiv2][query] GET https://firebase.googleapis.com/v1beta1/projects/cmvsp-tsam/adminSdkConfig [none]
[debug] [2025-08-11T21:37:12.120Z] <<< [apiv2][status] GET https://firebase.googleapis.com/v1beta1/projects/cmvsp-tsam/adminSdkConfig 200
[debug] [2025-08-11T21:37:12.120Z] <<< [apiv2][body] GET https://firebase.googleapis.com/v1beta1/projects/cmvsp-tsam/adminSdkConfig {"projectId":"cmvsp-tsam","storageBucket":"cmvsp-tsam.firebasestorage.app"}
[debug] [2025-08-11T21:37:12.121Z] Checked if tokens are valid: true, expires at: 1754951830058
[debug] [2025-08-11T21:37:12.121Z] Checked if tokens are valid: true, expires at: 1754951830058
[debug] [2025-08-11T21:37:12.121Z] >>> [apiv2][query] GET https://runtimeconfig.googleapis.com/v1beta1/projects/cmvsp-tsam/configs [none]
[debug] [2025-08-11T21:37:12.282Z] <<< [apiv2][status] GET https://runtimeconfig.googleapis.com/v1beta1/projects/cmvsp-tsam/configs 200
[debug] [2025-08-11T21:37:12.283Z] <<< [apiv2][body] GET https://runtimeconfig.googleapis.com/v1beta1/projects/cmvsp-tsam/configs {"configs":[{"name":"projects/cmvsp-tsam/configs/app"}]}
[debug] [2025-08-11T21:37:12.283Z] Checked if tokens are valid: true, expires at: 1754951830058
[debug] [2025-08-11T21:37:12.283Z] Checked if tokens are valid: true, expires at: 1754951830058
[debug] [2025-08-11T21:37:12.283Z] >>> [apiv2][query] GET https://runtimeconfig.googleapis.com/v1beta1/projects/cmvsp-tsam/configs/app/variables [none]
[debug] [2025-08-11T21:37:12.508Z] <<< [apiv2][status] GET https://runtimeconfig.googleapis.com/v1beta1/projects/cmvsp-tsam/configs/app/variables 200
[debug] [2025-08-11T21:37:12.508Z] <<< [apiv2][body] GET https://runtimeconfig.googleapis.com/v1beta1/projects/cmvsp-tsam/configs/app/variables {"variables":[{"name":"projects/cmvsp-tsam/configs/app/variables/id","updateTime":"2025-08-11T16:20:54.101870281Z"}]}
[debug] [2025-08-11T21:37:12.509Z] Checked if tokens are valid: true, expires at: 1754951830058
[debug] [2025-08-11T21:37:12.509Z] Checked if tokens are valid: true, expires at: 1754951830058
[debug] [2025-08-11T21:37:12.509Z] >>> [apiv2][query] GET https://runtimeconfig.googleapis.com/v1beta1/projects/cmvsp-tsam/configs/app/variables/id [none]
[debug] [2025-08-11T21:37:12.743Z] <<< [apiv2][status] GET https://runtimeconfig.googleapis.com/v1beta1/projects/cmvsp-tsam/configs/app/variables/id 200
[debug] [2025-08-11T21:37:12.744Z] <<< [apiv2][body] GET https://runtimeconfig.googleapis.com/v1beta1/projects/cmvsp-tsam/configs/app/variables/id {"name":"projects/cmvsp-tsam/configs/app/variables/id","updateTime":"2025-08-11T16:20:54.101870281Z","text":"cmvsp-tsam"}
[debug] [2025-08-11T21:37:12.747Z] Validating nodejs source
[warn] !  functions: package.json indicates an outdated version of firebase-functions. Please upgrade using npm install --save firebase-functions@latest in your functions directory. 
[warn] !  functions: Please note that there will be breaking changes when you upgrade. 
[debug] [2025-08-11T21:37:15.746Z] > [functions] package.json contents: {
  "name": "functions",
  "description": "Cloud Functions for Firebase",
  "scripts": {
    "serve": "firebase emulators:start --only functions",
    "shell": "firebase functions:shell",
    "start": "npm run shell",
    "deploy": "firebase deploy --only functions",
    "logs": "firebase functions:log"
  },
  "engines": {
    "node": "20"
  },
  "main": "index.js",
  "dependencies": {
    "firebase-admin": "^11.8.0",
    "firebase-functions": "^4.3.1",
    "rrule": "^2.8.1"
  },
  "devDependencies": {
    "firebase-functions-test": "^3.1.0"
  },
  "private": true
}
[debug] [2025-08-11T21:37:15.747Z] Building nodejs source
[info] i  functions: Loading and analyzing source code for codebase default to determine what to deploy 
[info] i  functions: You are using a version of firebase-functions SDK (4.9.0) that does not have support for the newest Firebase Extensions features. Please update firebase-functions SDK to >=5.1.0 to use them correctly 
[debug] [2025-08-11T21:37:15.749Z] Could not find functions.yaml. Must use http discovery
[debug] [2025-08-11T21:37:15.761Z] Found firebase-functions binary at 'C:\Users\Admin\Documents\cmvsp-tsam\functions\node_modules\.bin\firebase-functions'
[info] Serving at port 8802

[debug] [2025-08-11T21:37:17.341Z] Got response from /__/functions.yaml {"endpoints":{"createUserAccount":{"availableMemoryMb":null,"timeoutSeconds":null,"minInstances":null,"maxInstances":null,"ingressSettings":null,"concurrency":null,"serviceAccountEmail":null,"vpc":null,"platform":"gcfv2","labels":{},"callableTrigger":{},"entryPoint":"createUserAccount"},"enrollInCourse":{"availableMemoryMb":null,"timeoutSeconds":null,"minInstances":null,"maxInstances":null,"ingressSettings":null,"concurrency":null,"serviceAccountEmail":null,"vpc":null,"platform":"gcfv2","labels":{},"callableTrigger":{},"entryPoint":"enrollInCourse"},"approveEnrollment":{"availableMemoryMb":null,"timeoutSeconds":null,"minInstances":null,"maxInstances":null,"ingressSettings":null,"concurrency":null,"serviceAccountEmail":null,"vpc":null,"platform":"gcfv2","labels":{},"callableTrigger":{},"entryPoint":"approveEnrollment"},"denyEnrollment":{"availableMemoryMb":null,"timeoutSeconds":null,"minInstances":null,"maxInstances":null,"ingressSettings":null,"concurrency":null,"serviceAccountEmail":null,"vpc":null,"platform":"gcfv2","labels":{},"callableTrigger":{},"entryPoint":"denyEnrollment"},"createWaiverTemplate":{"availableMemoryMb":null,"timeoutSeconds":null,"minInstances":null,"maxInstances":null,"ingressSettings":null,"concurrency":null,"serviceAccountEmail":null,"vpc":null,"platform":"gcfv2","labels":{},"callableTrigger":{},"entryPoint":"createWaiverTemplate"},"signWaiver":{"availableMemoryMb":null,"timeoutSeconds":null,"minInstances":null,"maxInstances":null,"ingressSettings":null,"concurrency":null,"serviceAccountEmail":null,"vpc":null,"platform":"gcfv2","labels":{},"callableTrigger":{},"entryPoint":"signWaiver"},"approveWaiver":{"availableMemoryMb":null,"timeoutSeconds":null,"minInstances":null,"maxInstances":null,"ingressSettings":null,"concurrency":null,"serviceAccountEmail":null,"vpc":null,"platform":"gcfv2","labels":{},"callableTrigger":{},"entryPoint":"approveWaiver"},"deleteUserAccount":{"availableMemoryMb":null,"timeoutSeconds":null,"minInstances":null,"maxInstances":null,"ingressSettings":null,"concurrency":null,"serviceAccountEmail":null,"vpc":null,"platform":"gcfv2","labels":{},"eventTrigger":{"eventType":"google.cloud.firestore.document.v1.deleted","eventFilters":{"database":"(default)","namespace":"(default)"},"eventFilterPathPatterns":{"document":"users/{userId}"},"retry":false},"entryPoint":"deleteUserAccount"},"applyShiftTemplate":{"availableMemoryMb":null,"timeoutSeconds":null,"minInstances":null,"maxInstances":null,"ingressSettings":null,"concurrency":null,"serviceAccountEmail":null,"vpc":null,"platform":"gcfv2","labels":{},"callableTrigger":{},"entryPoint":"applyShiftTemplate"}},"specVersion":"v1alpha1","requiredAPIs":[],"params":[{"name":"APP_ID","type":"string"}]}
[info] i  functions: Loaded environment variables from .env.cmvsp-tsam. 
[info] i  functions: preparing functions directory for uploading... 
[info] i  functions: packaged C:\Users\Admin\Documents\cmvsp-tsam\functions (77.04 KB) for uploading 
[debug] [2025-08-11T21:37:21.490Z] Checked if tokens are valid: true, expires at: 1754951830058
[debug] [2025-08-11T21:37:21.490Z] Checked if tokens are valid: true, expires at: 1754951830058
[debug] [2025-08-11T21:37:21.490Z] >>> [apiv2][query] GET https://cloudfunctions.googleapis.com/v1/projects/cmvsp-tsam/locations/-/functions [none]
[debug] [2025-08-11T21:37:22.060Z] <<< [apiv2][status] GET https://cloudfunctions.googleapis.com/v1/projects/cmvsp-tsam/locations/-/functions 200
[debug] [2025-08-11T21:37:22.061Z] <<< [apiv2][body] GET https://cloudfunctions.googleapis.com/v1/projects/cmvsp-tsam/locations/-/functions {}
[debug] [2025-08-11T21:37:22.061Z] Checked if tokens are valid: true, expires at: 1754951830058
[debug] [2025-08-11T21:37:22.061Z] Checked if tokens are valid: true, expires at: 1754951830058
[debug] [2025-08-11T21:37:22.061Z] >>> [apiv2][query] GET https://cloudfunctions.googleapis.com/v2/projects/cmvsp-tsam/locations/-/functions filter=environment%3D%22GEN_2%22
[debug] [2025-08-11T21:37:22.523Z] <<< [apiv2][status] GET https://cloudfunctions.googleapis.com/v2/projects/cmvsp-tsam/locations/-/functions 200
[debug] [2025-08-11T21:37:22.523Z] <<< [apiv2][body] GET https://cloudfunctions.googleapis.com/v2/projects/cmvsp-tsam/locations/-/functions {"functions":[{"name":"projects/cmvsp-tsam/locations/us-central1/functions/approveEnrollment","buildConfig":{"build":"projects/326800394138/locations/us-central1/builds/43118c54-4298-4886-add5-1498f451883b","runtime":"nodejs20","entryPoint":"approveEnrollment","source":{"storageSource":{"bucket":"gcf-v2-sources-326800394138-us-central1","object":"approveEnrollment/function-source.zip","generation":"1754946918716591"}},"environmentVariables":{"GOOGLE_NODE_RUN_SCRIPTS":""},"dockerRepository":"projects/cmvsp-tsam/locations/us-central1/repositories/gcf-artifacts","sourceProvenance":{"resolvedStorageSource":{"bucket":"gcf-v2-sources-326800394138-us-central1","object":"approveEnrollment/function-source.zip","generation":"1754946918716591"}},"dockerRegistry":"ARTIFACT_REGISTRY","serviceAccount":"projects/cmvsp-tsam/serviceAccounts/326800394138-compute@developer.gserviceaccount.com","automaticUpdatePolicy":{}},"serviceConfig":{"service":"projects/cmvsp-tsam/locations/us-central1/services/approveenrollment","timeoutSeconds":60,"environmentVariables":{"APP_ID":"training-attendance-app","FIREBASE_CONFIG":"{\"projectId\":\"cmvsp-tsam\",\"storageBucket\":\"cmvsp-tsam.firebasestorage.app\"}","GCLOUD_PROJECT":"cmvsp-tsam","EVENTARC_CLOUD_EVENT_SOURCE":"projects/cmvsp-tsam/locations/us-central1/services/approveEnrollment","FUNCTION_TARGET":"approveEnrollment","LOG_EXECUTION_ID":"true"},"maxInstanceCount":20,"ingressSettings":"ALLOW_ALL","uri":"https://approveenrollment-vvpiqcrbja-uc.a.run.app","serviceAccountEmail":"326800394138-compute@developer.gserviceaccount.com","availableMemory":"256Mi","allTrafficOnLatestRevision":true,"revision":"approveenrollment-00002-kat","maxInstanceRequestConcurrency":80,"availableCpu":"1"},"state":"ACTIVE","updateTime":"2025-08-11T21:16:10.575758885Z","labels":{"firebase-functions-hash":"a457972b475509f50eb224ffe7822cf58d61508b","deployment-tool":"cli-firebase","deployment-callable":"true"},"environment":"GEN_2","url":"https://us-central1-cmvsp-tsam.cloudfunctions.net/approveEnrollment","createTime":"2025-08-11T21:11:58.552551036Z","satisfiesPzi":true},{"name":"projects/cmvsp-tsam/locations/us-central1/functions/denyEnrollment","buildConfig":{"build":"projects/326800394138/locations/us-central1/builds/3e12aa7e-67be-4665-8831-428dd7c1d6ee","runtime":"nodejs20","entryPoint":"denyEnrollment","source":{"storageSource":{"bucket":"gcf-v2-sources-326800394138-us-central1","object":"denyEnrollment/function-source.zip","generation":"1754946918701029"}},"environmentVariables":{"GOOGLE_NODE_RUN_SCRIPTS":""},"dockerRepository":"projects/cmvsp-tsam/locations/us-central1/repositories/gcf-artifacts","sourceProvenance":{"resolvedStorageSource":{"bucket":"gcf-v2-sources-326800394138-us-central1","object":"denyEnrollment/function-source.zip","generation":"1754946918701029"}},"dockerRegistry":"ARTIFACT_REGISTRY","serviceAccount":"projects/cmvsp-tsam/serviceAccounts/326800394138-compute@developer.gserviceaccount.com","automaticUpdatePolicy":{}},"serviceConfig":{"service":"projects/cmvsp-tsam/locations/us-central1/services/denyenrollment","timeoutSeconds":60,"environmentVariables":{"APP_ID":"training-attendance-app","FIREBASE_CONFIG":"{\"projectId\":\"cmvsp-tsam\",\"storageBucket\":\"cmvsp-tsam.firebasestorage.app\"}","GCLOUD_PROJECT":"cmvsp-tsam","EVENTARC_CLOUD_EVENT_SOURCE":"projects/cmvsp-tsam/locations/us-central1/services/denyEnrollment","FUNCTION_TARGET":"denyEnrollment","LOG_EXECUTION_ID":"true"},"maxInstanceCount":20,"ingressSettings":"ALLOW_ALL","uri":"https://denyenrollment-vvpiqcrbja-uc.a.run.app","serviceAccountEmail":"326800394138-compute@developer.gserviceaccount.com","availableMemory":"256Mi","allTrafficOnLatestRevision":true,"revision":"denyenrollment-00002-cew","maxInstanceRequestConcurrency":80,"availableCpu":"1"},"state":"ACTIVE","updateTime":"2025-08-11T21:16:22.306574945Z","labels":{"deployment-callable":"true","firebase-functions-hash":"a457972b475509f50eb224ffe7822cf58d61508b","deployment-tool":"cli-firebase"},"environment":"GEN_2","url":"https://us-central1-cmvsp-tsam.cloudfunctions.net/denyEnrollment","createTime":"2025-08-11T21:12:56.742144722Z","satisfiesPzi":true},{"name":"projects/cmvsp-tsam/locations/us-central1/functions/createUserAccount","buildConfig":{"build":"projects/326800394138/locations/us-central1/builds/6a7456f2-7ff1-4207-a745-1ede3f9fdb37","runtime":"nodejs20","entryPoint":"createUserAccount","source":{"storageSource":{"bucket":"gcf-v2-sources-326800394138-us-central1","object":"createUserAccount/function-source.zip","generation":"1754946918707918"}},"environmentVariables":{"GOOGLE_NODE_RUN_SCRIPTS":""},"dockerRepository":"projects/cmvsp-tsam/locations/us-central1/repositories/gcf-artifacts","sourceProvenance":{"resolvedStorageSource":{"bucket":"gcf-v2-sources-326800394138-us-central1","object":"createUserAccount/function-source.zip","generation":"1754946918707918"}},"dockerRegistry":"ARTIFACT_REGISTRY","serviceAccount":"projects/cmvsp-tsam/serviceAccounts/326800394138-compute@developer.gserviceaccount.com","automaticUpdatePolicy":{}},"serviceConfig":{"service":"projects/cmvsp-tsam/locations/us-central1/services/createuseraccount","timeoutSeconds":60,"environmentVariables":{"APP_ID":"training-attendance-app","FIREBASE_CONFIG":"{\"projectId\":\"cmvsp-tsam\",\"storageBucket\":\"cmvsp-tsam.firebasestorage.app\"}","GCLOUD_PROJECT":"cmvsp-tsam","EVENTARC_CLOUD_EVENT_SOURCE":"projects/cmvsp-tsam/locations/us-central1/services/createUserAccount","FUNCTION_TARGET":"createUserAccount","LOG_EXECUTION_ID":"true"},"maxInstanceCount":20,"ingressSettings":"ALLOW_ALL","uri":"https://createuseraccount-vvpiqcrbja-uc.a.run.app","serviceAccountEmail":"326800394138-compute@developer.gserviceaccount.com","availableMemory":"256Mi","allTrafficOnLatestRevision":true,"revision":"createuseraccount-00020-xiq","maxInstanceRequestConcurrency":80,"availableCpu":"1"},"state":"ACTIVE","updateTime":"2025-08-11T21:16:07.487962662Z","labels":{"deployment-callable":"true","firebase-functions-hash":"a457972b475509f50eb224ffe7822cf58d61508b","deployment-tool":"cli-firebase"},"environment":"GEN_2","url":"https://us-central1-cmvsp-tsam.cloudfunctions.net/createUserAccount","createTime":"2025-08-10T01:22:45.483941871Z","satisfiesPzi":true},{"name":"projects/cmvsp-tsam/locations/us-central1/functions/deleteUserAccount","buildConfig":{"build":"projects/326800394138/locations/us-central1/builds/2a417b96-75d0-43d0-acd2-3cf829196ed9","runtime":"nodejs20","entryPoint":"deleteUserAccount","source":{"storageSource":{"bucket":"gcf-v2-sources-326800394138-us-central1","object":"deleteUserAccount/function-source.zip","generation":"1754947028108739"}},"environmentVariables":{"GOOGLE_NODE_RUN_SCRIPTS":""},"dockerRepository":"projects/cmvsp-tsam/locations/us-central1/repositories/gcf-artifacts","sourceProvenance":{"resolvedStorageSource":{"bucket":"gcf-v2-sources-326800394138-us-central1","object":"deleteUserAccount/function-source.zip","generation":"1754947028108739"}},"dockerRegistry":"ARTIFACT_REGISTRY","serviceAccount":"projects/cmvsp-tsam/serviceAccounts/326800394138-compute@developer.gserviceaccount.com","automaticUpdatePolicy":{}},"serviceConfig":{"service":"projects/cmvsp-tsam/locations/us-central1/services/deleteuseraccount","timeoutSeconds":60,"environmentVariables":{"APP_ID":"training-attendance-app","FIREBASE_CONFIG":"{\"projectId\":\"cmvsp-tsam\",\"storageBucket\":\"cmvsp-tsam.firebasestorage.app\"}","GCLOUD_PROJECT":"cmvsp-tsam","EVENTARC_CLOUD_EVENT_SOURCE":"projects/cmvsp-tsam/locations/us-central1/services/deleteUserAccount","FUNCTION_SIGNATURE_TYPE":"cloudevent","FUNCTION_TARGET":"deleteUserAccount","LOG_EXECUTION_ID":"true"},"maxInstanceCount":20,"ingressSettings":"ALLOW_ALL","uri":"https://deleteuseraccount-vvpiqcrbja-uc.a.run.app","serviceAccountEmail":"326800394138-compute@developer.gserviceaccount.com","availableMemory":"256Mi","allTrafficOnLatestRevision":true,"revision":"deleteuseraccount-00001-fic","maxInstanceRequestConcurrency":80,"availableCpu":"1"},"eventTrigger":{"trigger":"projects/cmvsp-tsam/locations/nam5/triggers/deleteuseraccount-263925","triggerRegion":"nam5","eventType":"google.cloud.firestore.document.v1.deleted","eventFilters":[{"attribute":"database","value":"(default)"},{"attribute":"namespace","value":"(default)"},{"attribute":"document","value":"users/{userId}","operator":"match-path-pattern"}],"pubsubTopic":"projects/cmvsp-tsam/topics/eventarc-nam5-deleteuseraccount-263925-858","serviceAccountEmail":"326800394138-compute@developer.gserviceaccount.com","retryPolicy":"RETRY_POLICY_DO_NOT_RETRY"},"state":"ACTIVE","updateTime":"2025-08-11T21:18:27.782694625Z","labels":{"deployment-tool":"cli-firebase","firebase-functions-hash":"a457972b475509f50eb224ffe7822cf58d61508b"},"environment":"GEN_2","url":"https://us-central1-cmvsp-tsam.cloudfunctions.net/deleteUserAccount","createTime":"2025-08-11T21:17:08.951454576Z","satisfiesPzi":true},{"name":"projects/cmvsp-tsam/locations/us-central1/functions/applyShiftTemplate","buildConfig":{"build":"projects/326800394138/locations/us-central1/builds/6a037cab-c52b-4147-96f8-252589e8448d","runtime":"nodejs20","entryPoint":"applyShiftTemplate","source":{"storageSource":{"bucket":"gcf-v2-sources-326800394138-us-central1","object":"applyShiftTemplate/function-source.zip","generation":"1754946918927147"}},"environmentVariables":{"GOOGLE_NODE_RUN_SCRIPTS":""},"dockerRepository":"projects/cmvsp-tsam/locations/us-central1/repositories/gcf-artifacts","sourceProvenance":{"resolvedStorageSource":{"bucket":"gcf-v2-sources-326800394138-us-central1","object":"applyShiftTemplate/function-source.zip","generation":"1754946918927147"}},"dockerRegistry":"ARTIFACT_REGISTRY","serviceAccount":"projects/cmvsp-tsam/serviceAccounts/326800394138-compute@developer.gserviceaccount.com","automaticUpdatePolicy":{}},"serviceConfig":{"service":"projects/cmvsp-tsam/locations/us-central1/services/applyshifttemplate","timeoutSeconds":60,"environmentVariables":{"APP_ID":"training-attendance-app","FIREBASE_CONFIG":"{\"projectId\":\"cmvsp-tsam\",\"storageBucket\":\"cmvsp-tsam.firebasestorage.app\"}","GCLOUD_PROJECT":"cmvsp-tsam","EVENTARC_CLOUD_EVENT_SOURCE":"projects/cmvsp-tsam/locations/us-central1/services/applyShiftTemplate","FUNCTION_TARGET":"applyShiftTemplate","LOG_EXECUTION_ID":"true"},"maxInstanceCount":20,"ingressSettings":"ALLOW_ALL","uri":"https://applyshifttemplate-vvpiqcrbja-uc.a.run.app","serviceAccountEmail":"326800394138-compute@developer.gserviceaccount.com","availableMemory":"256Mi","allTrafficOnLatestRevision":true,"revision":"applyshifttemplate-00020-zoy","maxInstanceRequestConcurrency":80,"availableCpu":"1"},"state":"ACTIVE","updateTime":"2025-08-11T21:16:26.869665215Z","labels":{"firebase-functions-hash":"a457972b475509f50eb224ffe7822cf58d61508b","deployment-tool":"cli-firebase","deployment-callable":"true"},"environment":"GEN_2","url":"https://us-central1-cmvsp-tsam.cloudfunctions.net/applyShiftTemplate","createTime":"2025-08-10T01:23:43.688360708Z","satisfiesPzi":true},{"name":"projects/cmvsp-tsam/locations/us-central1/functions/enrollInCourse","buildConfig":{"build":"projects/326800394138/locations/us-central1/builds/2ff3846c-174d-47a3-b81f-4a25d193941c","runtime":"nodejs20","entryPoint":"enrollInCourse","source":{"storageSource":{"bucket":"gcf-v2-sources-326800394138-us-central1","object":"enrollInCourse/function-source.zip","generation":"1754946918750928"}},"environmentVariables":{"GOOGLE_NODE_RUN_SCRIPTS":""},"dockerRepository":"projects/cmvsp-tsam/locations/us-central1/repositories/gcf-artifacts","sourceProvenance":{"resolvedStorageSource":{"bucket":"gcf-v2-sources-326800394138-us-central1","object":"enrollInCourse/function-source.zip","generation":"1754946918750928"}},"dockerRegistry":"ARTIFACT_REGISTRY","serviceAccount":"projects/cmvsp-tsam/serviceAccounts/326800394138-compute@developer.gserviceaccount.com","automaticUpdatePolicy":{}},"serviceConfig":{"service":"projects/cmvsp-tsam/locations/us-central1/services/enrollincourse","timeoutSeconds":60,"environmentVariables":{"APP_ID":"training-attendance-app","FIREBASE_CONFIG":"{\"projectId\":\"cmvsp-tsam\",\"storageBucket\":\"cmvsp-tsam.firebasestorage.app\"}","GCLOUD_PROJECT":"cmvsp-tsam","EVENTARC_CLOUD_EVENT_SOURCE":"projects/cmvsp-tsam/locations/us-central1/services/enrollInCourse","FUNCTION_TARGET":"enrollInCourse","LOG_EXECUTION_ID":"true"},"maxInstanceCount":20,"ingressSettings":"ALLOW_ALL","uri":"https://enrollincourse-vvpiqcrbja-uc.a.run.app","serviceAccountEmail":"326800394138-compute@developer.gserviceaccount.com","availableMemory":"256Mi","allTrafficOnLatestRevision":true,"revision":"enrollincourse-00004-xem","maxInstanceRequestConcurrency":80,"availableCpu":"1"},"state":"ACTIVE","updateTime":"2025-08-11T21:16:14.985176144Z","labels":{"deployment-callable":"true","firebase-functions-hash":"a457972b475509f50eb224ffe7822cf58d61508b","deployment-tool":"cli-firebase"},"environment":"GEN_2","url":"https://us-central1-cmvsp-tsam.cloudfunctions.net/enrollInCourse","createTime":"2025-08-11T20:45:45.628582816Z","satisfiesPzi":true}]}
[debug] [2025-08-11T21:37:22.526Z] Checked if tokens are valid: true, expires at: 1754951830058
[debug] [2025-08-11T21:37:22.526Z] Checked if tokens are valid: true, expires at: 1754951830058
[debug] [2025-08-11T21:37:22.526Z] >>> [apiv2][query] GET https://firestore.googleapis.com/v1/projects/cmvsp-tsam/databases/(default) [none]
[debug] [2025-08-11T21:37:22.768Z] <<< [apiv2][status] GET https://firestore.googleapis.com/v1/projects/cmvsp-tsam/databases/(default) 200
[debug] [2025-08-11T21:37:22.768Z] <<< [apiv2][body] GET https://firestore.googleapis.com/v1/projects/cmvsp-tsam/databases/(default) {"name":"projects/cmvsp-tsam/databases/(default)","uid":"7b700525-1bee-4221-a0e0-7abedd78ee59","createTime":"2025-07-31T15:56:18.766035Z","updateTime":"2025-07-31T15:56:18.766035Z","locationId":"nam5","type":"FIRESTORE_NATIVE","concurrencyMode":"PESSIMISTIC","versionRetentionPeriod":"3600s","earliestVersionTime":"2025-08-11T20:37:22.754244Z","appEngineIntegrationMode":"DISABLED","keyPrefix":"s","pointInTimeRecoveryEnablement":"POINT_IN_TIME_RECOVERY_DISABLED","deleteProtectionState":"DELETE_PROTECTION_DISABLED","databaseEdition":"STANDARD","freeTier":true,"etag":"IOKP79Tbg48DMO6j5O27544D"}
[info] i  functions: ensuring required API run.googleapis.com is enabled... 
[info] i  functions: ensuring required API eventarc.googleapis.com is enabled... 
[info] i  functions: ensuring required API pubsub.googleapis.com is enabled... 
[info] i  functions: ensuring required API storage.googleapis.com is enabled... 
[info] i  functions: generating the service identity for pubsub.googleapis.com... 
[debug] [2025-08-11T21:37:22.775Z] Checked if tokens are valid: true, expires at: 1754951830058
[debug] [2025-08-11T21:37:22.775Z] Checked if tokens are valid: true, expires at: 1754951830058
[info] i  functions: generating the service identity for eventarc.googleapis.com... 
[debug] [2025-08-11T21:37:22.775Z] Checked if tokens are valid: true, expires at: 1754951830058
[debug] [2025-08-11T21:37:22.775Z] Checked if tokens are valid: true, expires at: 1754951830058
[debug] [2025-08-11T21:37:22.776Z] >>> [apiv2][query] POST https://serviceusage.googleapis.com/v1beta1/projects/326800394138/services/pubsub.googleapis.com:generateServiceIdentity [none]
[debug] [2025-08-11T21:37:22.776Z] >>> [apiv2][(partial)header] POST https://serviceusage.googleapis.com/v1beta1/projects/326800394138/services/pubsub.googleapis.com:generateServiceIdentity x-goog-quota-user=projects/326800394138
[debug] [2025-08-11T21:37:22.776Z] >>> [apiv2][body] POST https://serviceusage.googleapis.com/v1beta1/projects/326800394138/services/pubsub.googleapis.com:generateServiceIdentity {}
[debug] [2025-08-11T21:37:22.778Z] >>> [apiv2][query] POST https://serviceusage.googleapis.com/v1beta1/projects/326800394138/services/eventarc.googleapis.com:generateServiceIdentity [none]
[debug] [2025-08-11T21:37:22.778Z] >>> [apiv2][(partial)header] POST https://serviceusage.googleapis.com/v1beta1/projects/326800394138/services/eventarc.googleapis.com:generateServiceIdentity x-goog-quota-user=projects/326800394138
[debug] [2025-08-11T21:37:22.778Z] >>> [apiv2][body] POST https://serviceusage.googleapis.com/v1beta1/projects/326800394138/services/eventarc.googleapis.com:generateServiceIdentity {}
[debug] [2025-08-11T21:37:23.172Z] <<< [apiv2][status] POST https://serviceusage.googleapis.com/v1beta1/projects/326800394138/services/pubsub.googleapis.com:generateServiceIdentity 200
[debug] [2025-08-11T21:37:23.172Z] <<< [apiv2][body] POST https://serviceusage.googleapis.com/v1beta1/projects/326800394138/services/pubsub.googleapis.com:generateServiceIdentity {"name":"operations/finished.DONE_OPERATION","done":true,"response":{"@type":"type.googleapis.com/google.api.serviceusage.v1beta1.ServiceIdentity","email":"service-326800394138@gcp-sa-pubsub.iam.gserviceaccount.com","uniqueId":"111974364179033852207"}}
[debug] [2025-08-11T21:37:23.302Z] <<< [apiv2][status] POST https://serviceusage.googleapis.com/v1beta1/projects/326800394138/services/eventarc.googleapis.com:generateServiceIdentity 200
[debug] [2025-08-11T21:37:23.302Z] <<< [apiv2][body] POST https://serviceusage.googleapis.com/v1beta1/projects/326800394138/services/eventarc.googleapis.com:generateServiceIdentity {"name":"operations/finished.DONE_OPERATION","done":true,"response":{"@type":"type.googleapis.com/google.api.serviceusage.v1beta1.ServiceIdentity","email":"service-326800394138@gcp-sa-eventarc.iam.gserviceaccount.com","uniqueId":"109114849444407879965"}}
[debug] [2025-08-11T21:37:23.306Z] Checked if tokens are valid: true, expires at: 1754951830058
[debug] [2025-08-11T21:37:23.306Z] Checked if tokens are valid: true, expires at: 1754951830058
[debug] [2025-08-11T21:37:23.306Z] >>> [apiv2][query] GET https://cloudresourcemanager.googleapis.com/v1/projects/cmvsp-tsam [none]
[debug] [2025-08-11T21:37:23.434Z] <<< [apiv2][status] GET https://cloudresourcemanager.googleapis.com/v1/projects/cmvsp-tsam 200
[debug] [2025-08-11T21:37:23.434Z] <<< [apiv2][body] GET https://cloudresourcemanager.googleapis.com/v1/projects/cmvsp-tsam {"projectNumber":"326800394138","projectId":"cmvsp-tsam","lifecycleState":"ACTIVE","name":"CMVSP APPS","labels":{"firebase":"enabled","firebase-core":"disabled"},"createTime":"2025-07-29T23:57:10.547510Z"}
[debug] [2025-08-11T21:37:23.435Z] Checked if tokens are valid: true, expires at: 1754951830058
[debug] [2025-08-11T21:37:23.435Z] Checked if tokens are valid: true, expires at: 1754951830058
[debug] [2025-08-11T21:37:23.435Z] >>> [apiv2][query] GET https://compute.googleapis.com/compute/v1/projects/326800394138 [none]
[debug] [2025-08-11T21:37:23.514Z] <<< [apiv2][status] GET https://compute.googleapis.com/compute/v1/projects/326800394138 403
[debug] [2025-08-11T21:37:23.514Z] <<< [apiv2][body] GET https://compute.googleapis.com/compute/v1/projects/326800394138 {"error":{"code":403,"message":"Compute Engine API has not been used in project 326800394138 before or it is disabled. Enable it by visiting https://console.developers.google.com/apis/api/compute.googleapis.com/overview?project=326800394138 then retry. If you enabled this API recently, wait a few minutes for the action to propagate to our systems and retry.","errors":[{"message":"Compute Engine API has not been used in project 326800394138 before or it is disabled. Enable it by visiting https://console.developers.google.com/apis/api/compute.googleapis.com/overview?project=326800394138 then retry. If you enabled this API recently, wait a few minutes for the action to propagate to our systems and retry.","domain":"usageLimits","reason":"accessNotConfigured","extendedHelp":"https://console.developers.google.com"}],"status":"PERMISSION_DENIED","details":[{"@type":"type.googleapis.com/google.rpc.ErrorInfo","reason":"SERVICE_DISABLED","domain":"googleapis.com","metadata":{"containerInfo":"326800394138","activationUrl":"https://console.developers.google.com/apis/api/compute.googleapis.com/overview?project=326800394138","serviceTitle":"Compute Engine API","consumer":"projects/326800394138","service":"compute.googleapis.com"}},{"@type":"type.googleapis.com/google.rpc.LocalizedMessage","locale":"en-US","message":"Compute Engine API has not been used in project 326800394138 before or it is disabled. Enable it by visiting https://console.developers.google.com/apis/api/compute.googleapis.com/overview?project=326800394138 then retry. If you enabled this API recently, wait a few minutes for the action to propagate to our systems and retry."},{"@type":"type.googleapis.com/google.rpc.Help","links":[{"description":"Google developers console API activation","url":"https://console.developers.google.com/apis/api/compute.googleapis.com/overview?project=326800394138"}]}]}}
[debug] [2025-08-11T21:37:23.515Z] unable to look up default compute service account. Falling back to 326800394138-compute@developer.gserviceaccount.com. Error: {"name":"FirebaseError","children":[],"context":{"body":{"error":{"code":403,"message":"Compute Engine API has not been used in project 326800394138 before or it is disabled. Enable it by visiting https://console.developers.google.com/apis/api/compute.googleapis.com/overview?project=326800394138 then retry. If you enabled this API recently, wait a few minutes for the action to propagate to our systems and retry.","errors":[{"message":"Compute Engine API has not been used in project 326800394138 before or it is disabled. Enable it by visiting https://console.developers.google.com/apis/api/compute.googleapis.com/overview?project=326800394138 then retry. If you enabled this API recently, wait a few minutes for the action to propagate to our systems and retry.","domain":"usageLimits","reason":"accessNotConfigured","extendedHelp":"https://console.developers.google.com"}],"status":"PERMISSION_DENIED","details":[{"@type":"type.googleapis.com/google.rpc.ErrorInfo","reason":"SERVICE_DISABLED","domain":"googleapis.com","metadata":{"containerInfo":"326800394138","activationUrl":"https://console.developers.google.com/apis/api/compute.googleapis.com/overview?project=326800394138","serviceTitle":"Compute Engine API","consumer":"projects/326800394138","service":"compute.googleapis.com"}},{"@type":"type.googleapis.com/google.rpc.LocalizedMessage","locale":"en-US","message":"Compute Engine API has not been used in project 326800394138 before or it is disabled. Enable it by visiting https://console.developers.google.com/apis/api/compute.googleapis.com/overview?project=326800394138 then retry. If you enabled this API recently, wait a few minutes for the action to propagate to our systems and retry."},{"@type":"type.googleapis.com/google.rpc.Help","links":[{"description":"Google developers console API activation","url":"https://console.developers.google.com/apis/api/compute.googleapis.com/overview?project=326800394138"}]}]}},"response":{"statusCode":403}},"exit":1,"message":"Request to https://compute.googleapis.com/compute/v1/projects/326800394138 had HTTP Error: 403, Compute Engine API has not been used in project 326800394138 before or it is disabled. Enable it by visiting https://console.developers.google.com/apis/api/compute.googleapis.com/overview?project=326800394138 then retry. If you enabled this API recently, wait a few minutes for the action to propagate to our systems and retry.","status":403}
[debug] [2025-08-11T21:37:23.515Z] Checked if tokens are valid: true, expires at: 1754951830058
[debug] [2025-08-11T21:37:23.515Z] Checked if tokens are valid: true, expires at: 1754951830058
[debug] [2025-08-11T21:37:23.515Z] >>> [apiv2][query] GET https://compute.googleapis.com/compute/v1/projects/326800394138 [none]
[debug] [2025-08-11T21:37:23.566Z] <<< [apiv2][status] GET https://compute.googleapis.com/compute/v1/projects/326800394138 403
[debug] [2025-08-11T21:37:23.567Z] <<< [apiv2][body] GET https://compute.googleapis.com/compute/v1/projects/326800394138 {"error":{"code":403,"message":"Compute Engine API has not been used in project 326800394138 before or it is disabled. Enable it by visiting https://console.developers.google.com/apis/api/compute.googleapis.com/overview?project=326800394138 then retry. If you enabled this API recently, wait a few minutes for the action to propagate to our systems and retry.","errors":[{"message":"Compute Engine API has not been used in project 326800394138 before or it is disabled. Enable it by visiting https://console.developers.google.com/apis/api/compute.googleapis.com/overview?project=326800394138 then retry. If you enabled this API recently, wait a few minutes for the action to propagate to our systems and retry.","domain":"usageLimits","reason":"accessNotConfigured","extendedHelp":"https://console.developers.google.com"}],"status":"PERMISSION_DENIED","details":[{"@type":"type.googleapis.com/google.rpc.ErrorInfo","reason":"SERVICE_DISABLED","domain":"googleapis.com","metadata":{"serviceTitle":"Compute Engine API","consumer":"projects/326800394138","activationUrl":"https://console.developers.google.com/apis/api/compute.googleapis.com/overview?project=326800394138","service":"compute.googleapis.com","containerInfo":"326800394138"}},{"@type":"type.googleapis.com/google.rpc.LocalizedMessage","locale":"en-US","message":"Compute Engine API has not been used in project 326800394138 before or it is disabled. Enable it by visiting https://console.developers.google.com/apis/api/compute.googleapis.com/overview?project=326800394138 then retry. If you enabled this API recently, wait a few minutes for the action to propagate to our systems and retry."},{"@type":"type.googleapis.com/google.rpc.Help","links":[{"description":"Google developers console API activation","url":"https://console.developers.google.com/apis/api/compute.googleapis.com/overview?project=326800394138"}]}]}}
[debug] [2025-08-11T21:37:23.567Z] unable to look up default compute service account. Falling back to 326800394138-compute@developer.gserviceaccount.com. Error: {"name":"FirebaseError","children":[],"context":{"body":{"error":{"code":403,"message":"Compute Engine API has not been used in project 326800394138 before or it is disabled. Enable it by visiting https://console.developers.google.com/apis/api/compute.googleapis.com/overview?project=326800394138 then retry. If you enabled this API recently, wait a few minutes for the action to propagate to our systems and retry.","errors":[{"message":"Compute Engine API has not been used in project 326800394138 before or it is disabled. Enable it by visiting https://console.developers.google.com/apis/api/compute.googleapis.com/overview?project=326800394138 then retry. If you enabled this API recently, wait a few minutes for the action to propagate to our systems and retry.","domain":"usageLimits","reason":"accessNotConfigured","extendedHelp":"https://console.developers.google.com"}],"status":"PERMISSION_DENIED","details":[{"@type":"type.googleapis.com/google.rpc.ErrorInfo","reason":"SERVICE_DISABLED","domain":"googleapis.com","metadata":{"serviceTitle":"Compute Engine API","consumer":"projects/326800394138","activationUrl":"https://console.developers.google.com/apis/api/compute.googleapis.com/overview?project=326800394138","service":"compute.googleapis.com","containerInfo":"326800394138"}},{"@type":"type.googleapis.com/google.rpc.LocalizedMessage","locale":"en-US","message":"Compute Engine API has not been used in project 326800394138 before or it is disabled. Enable it by visiting https://console.developers.google.com/apis/api/compute.googleapis.com/overview?project=326800394138 then retry. If you enabled this API recently, wait a few minutes for the action to propagate to our systems and retry."},{"@type":"type.googleapis.com/google.rpc.Help","links":[{"description":"Google developers console API activation","url":"https://console.developers.google.com/apis/api/compute.googleapis.com/overview?project=326800394138"}]}]}},"response":{"statusCode":403}},"exit":1,"message":"Request to https://compute.googleapis.com/compute/v1/projects/326800394138 had HTTP Error: 403, Compute Engine API has not been used in project 326800394138 before or it is disabled. Enable it by visiting https://console.developers.google.com/apis/api/compute.googleapis.com/overview?project=326800394138 then retry. If you enabled this API recently, wait a few minutes for the action to propagate to our systems and retry.","status":403}
[debug] [2025-08-11T21:37:23.567Z] Checked if tokens are valid: true, expires at: 1754951830058
[debug] [2025-08-11T21:37:23.567Z] Checked if tokens are valid: true, expires at: 1754951830058
[debug] [2025-08-11T21:37:23.567Z] >>> [apiv2][query] GET https://compute.googleapis.com/compute/v1/projects/326800394138 [none]
[debug] [2025-08-11T21:37:23.620Z] <<< [apiv2][status] GET https://compute.googleapis.com/compute/v1/projects/326800394138 403
[debug] [2025-08-11T21:37:23.620Z] <<< [apiv2][body] GET https://compute.googleapis.com/compute/v1/projects/326800394138 {"error":{"code":403,"message":"Compute Engine API has not been used in project 326800394138 before or it is disabled. Enable it by visiting https://console.developers.google.com/apis/api/compute.googleapis.com/overview?project=326800394138 then retry. If you enabled this API recently, wait a few minutes for the action to propagate to our systems and retry.","errors":[{"message":"Compute Engine API has not been used in project 326800394138 before or it is disabled. Enable it by visiting https://console.developers.google.com/apis/api/compute.googleapis.com/overview?project=326800394138 then retry. If you enabled this API recently, wait a few minutes for the action to propagate to our systems and retry.","domain":"usageLimits","reason":"accessNotConfigured","extendedHelp":"https://console.developers.google.com"}],"status":"PERMISSION_DENIED","details":[{"@type":"type.googleapis.com/google.rpc.ErrorInfo","reason":"SERVICE_DISABLED","domain":"googleapis.com","metadata":{"serviceTitle":"Compute Engine API","containerInfo":"326800394138","activationUrl":"https://console.developers.google.com/apis/api/compute.googleapis.com/overview?project=326800394138","service":"compute.googleapis.com","consumer":"projects/326800394138"}},{"@type":"type.googleapis.com/google.rpc.LocalizedMessage","locale":"en-US","message":"Compute Engine API has not been used in project 326800394138 before or it is disabled. Enable it by visiting https://console.developers.google.com/apis/api/compute.googleapis.com/overview?project=326800394138 then retry. If you enabled this API recently, wait a few minutes for the action to propagate to our systems and retry."},{"@type":"type.googleapis.com/google.rpc.Help","links":[{"description":"Google developers console API activation","url":"https://console.developers.google.com/apis/api/compute.googleapis.com/overview?project=326800394138"}]}]}}
[debug] [2025-08-11T21:37:23.620Z] unable to look up default compute service account. Falling back to 326800394138-compute@developer.gserviceaccount.com. Error: {"name":"FirebaseError","children":[],"context":{"body":{"error":{"code":403,"message":"Compute Engine API has not been used in project 326800394138 before or it is disabled. Enable it by visiting https://console.developers.google.com/apis/api/compute.googleapis.com/overview?project=326800394138 then retry. If you enabled this API recently, wait a few minutes for the action to propagate to our systems and retry.","errors":[{"message":"Compute Engine API has not been used in project 326800394138 before or it is disabled. Enable it by visiting https://console.developers.google.com/apis/api/compute.googleapis.com/overview?project=326800394138 then retry. If you enabled this API recently, wait a few minutes for the action to propagate to our systems and retry.","domain":"usageLimits","reason":"accessNotConfigured","extendedHelp":"https://console.developers.google.com"}],"status":"PERMISSION_DENIED","details":[{"@type":"type.googleapis.com/google.rpc.ErrorInfo","reason":"SERVICE_DISABLED","domain":"googleapis.com","metadata":{"serviceTitle":"Compute Engine API","containerInfo":"326800394138","activationUrl":"https://console.developers.google.com/apis/api/compute.googleapis.com/overview?project=326800394138","service":"compute.googleapis.com","consumer":"projects/326800394138"}},{"@type":"type.googleapis.com/google.rpc.LocalizedMessage","locale":"en-US","message":"Compute Engine API has not been used in project 326800394138 before or it is disabled. Enable it by visiting https://console.developers.google.com/apis/api/compute.googleapis.com/overview?project=326800394138 then retry. If you enabled this API recently, wait a few minutes for the action to propagate to our systems and retry."},{"@type":"type.googleapis.com/google.rpc.Help","links":[{"description":"Google developers console API activation","url":"https://console.developers.google.com/apis/api/compute.googleapis.com/overview?project=326800394138"}]}]}},"response":{"statusCode":403}},"exit":1,"message":"Request to https://compute.googleapis.com/compute/v1/projects/326800394138 had HTTP Error: 403, Compute Engine API has not been used in project 326800394138 before or it is disabled. Enable it by visiting https://console.developers.google.com/apis/api/compute.googleapis.com/overview?project=326800394138 then retry. If you enabled this API recently, wait a few minutes for the action to propagate to our systems and retry.","status":403}
[debug] [2025-08-11T21:37:23.621Z] Checked if tokens are valid: true, expires at: 1754951830058
[debug] [2025-08-11T21:37:23.621Z] Checked if tokens are valid: true, expires at: 1754951830058
[debug] [2025-08-11T21:37:23.621Z] >>> [apiv2][query] GET https://compute.googleapis.com/compute/v1/projects/326800394138 [none]
[debug] [2025-08-11T21:37:23.676Z] <<< [apiv2][status] GET https://compute.googleapis.com/compute/v1/projects/326800394138 403
[debug] [2025-08-11T21:37:23.676Z] <<< [apiv2][body] GET https://compute.googleapis.com/compute/v1/projects/326800394138 {"error":{"code":403,"message":"Compute Engine API has not been used in project 326800394138 before or it is disabled. Enable it by visiting https://console.developers.google.com/apis/api/compute.googleapis.com/overview?project=326800394138 then retry. If you enabled this API recently, wait a few minutes for the action to propagate to our systems and retry.","errors":[{"message":"Compute Engine API has not been used in project 326800394138 before or it is disabled. Enable it by visiting https://console.developers.google.com/apis/api/compute.googleapis.com/overview?project=326800394138 then retry. If you enabled this API recently, wait a few minutes for the action to propagate to our systems and retry.","domain":"usageLimits","reason":"accessNotConfigured","extendedHelp":"https://console.developers.google.com"}],"status":"PERMISSION_DENIED","details":[{"@type":"type.googleapis.com/google.rpc.ErrorInfo","reason":"SERVICE_DISABLED","domain":"googleapis.com","metadata":{"serviceTitle":"Compute Engine API","consumer":"projects/326800394138","service":"compute.googleapis.com","containerInfo":"326800394138","activationUrl":"https://console.developers.google.com/apis/api/compute.googleapis.com/overview?project=326800394138"}},{"@type":"type.googleapis.com/google.rpc.LocalizedMessage","locale":"en-US","message":"Compute Engine API has not been used in project 326800394138 before or it is disabled. Enable it by visiting https://console.developers.google.com/apis/api/compute.googleapis.com/overview?project=326800394138 then retry. If you enabled this API recently, wait a few minutes for the action to propagate to our systems and retry."},{"@type":"type.googleapis.com/google.rpc.Help","links":[{"description":"Google developers console API activation","url":"https://console.developers.google.com/apis/api/compute.googleapis.com/overview?project=326800394138"}]}]}}
[debug] [2025-08-11T21:37:23.676Z] unable to look up default compute service account. Falling back to 326800394138-compute@developer.gserviceaccount.com. Error: {"name":"FirebaseError","children":[],"context":{"body":{"error":{"code":403,"message":"Compute Engine API has not been used in project 326800394138 before or it is disabled. Enable it by visiting https://console.developers.google.com/apis/api/compute.googleapis.com/overview?project=326800394138 then retry. If you enabled this API recently, wait a few minutes for the action to propagate to our systems and retry.","errors":[{"message":"Compute Engine API has not been used in project 326800394138 before or it is disabled. Enable it by visiting https://console.developers.google.com/apis/api/compute.googleapis.com/overview?project=326800394138 then retry. If you enabled this API recently, wait a few minutes for the action to propagate to our systems and retry.","domain":"usageLimits","reason":"accessNotConfigured","extendedHelp":"https://console.developers.google.com"}],"status":"PERMISSION_DENIED","details":[{"@type":"type.googleapis.com/google.rpc.ErrorInfo","reason":"SERVICE_DISABLED","domain":"googleapis.com","metadata":{"serviceTitle":"Compute Engine API","consumer":"projects/326800394138","service":"compute.googleapis.com","containerInfo":"326800394138","activationUrl":"https://console.developers.google.com/apis/api/compute.googleapis.com/overview?project=326800394138"}},{"@type":"type.googleapis.com/google.rpc.LocalizedMessage","locale":"en-US","message":"Compute Engine API has not been used in project 326800394138 before or it is disabled. Enable it by visiting https://console.developers.google.com/apis/api/compute.googleapis.com/overview?project=326800394138 then retry. If you enabled this API recently, wait a few minutes for the action to propagate to our systems and retry."},{"@type":"type.googleapis.com/google.rpc.Help","links":[{"description":"Google developers console API activation","url":"https://console.developers.google.com/apis/api/compute.googleapis.com/overview?project=326800394138"}]}]}},"response":{"statusCode":403}},"exit":1,"message":"Request to https://compute.googleapis.com/compute/v1/projects/326800394138 had HTTP Error: 403, Compute Engine API has not been used in project 326800394138 before or it is disabled. Enable it by visiting https://console.developers.google.com/apis/api/compute.googleapis.com/overview?project=326800394138 then retry. If you enabled this API recently, wait a few minutes for the action to propagate to our systems and retry.","status":403}
[debug] [2025-08-11T21:37:23.677Z] Checked if tokens are valid: true, expires at: 1754951830058
[debug] [2025-08-11T21:37:23.677Z] Checked if tokens are valid: true, expires at: 1754951830058
[debug] [2025-08-11T21:37:23.677Z] >>> [apiv2][query] GET https://compute.googleapis.com/compute/v1/projects/326800394138 [none]
[debug] [2025-08-11T21:37:23.731Z] <<< [apiv2][status] GET https://compute.googleapis.com/compute/v1/projects/326800394138 403
[debug] [2025-08-11T21:37:23.731Z] <<< [apiv2][body] GET https://compute.googleapis.com/compute/v1/projects/326800394138 {"error":{"code":403,"message":"Compute Engine API has not been used in project 326800394138 before or it is disabled. Enable it by visiting https://console.developers.google.com/apis/api/compute.googleapis.com/overview?project=326800394138 then retry. If you enabled this API recently, wait a few minutes for the action to propagate to our systems and retry.","errors":[{"message":"Compute Engine API has not been used in project 326800394138 before or it is disabled. Enable it by visiting https://console.developers.google.com/apis/api/compute.googleapis.com/overview?project=326800394138 then retry. If you enabled this API recently, wait a few minutes for the action to propagate to our systems and retry.","domain":"usageLimits","reason":"accessNotConfigured","extendedHelp":"https://console.developers.google.com"}],"status":"PERMISSION_DENIED","details":[{"@type":"type.googleapis.com/google.rpc.ErrorInfo","reason":"SERVICE_DISABLED","domain":"googleapis.com","metadata":{"containerInfo":"326800394138","service":"compute.googleapis.com","activationUrl":"https://console.developers.google.com/apis/api/compute.googleapis.com/overview?project=326800394138","consumer":"projects/326800394138","serviceTitle":"Compute Engine API"}},{"@type":"type.googleapis.com/google.rpc.LocalizedMessage","locale":"en-US","message":"Compute Engine API has not been used in project 326800394138 before or it is disabled. Enable it by visiting https://console.developers.google.com/apis/api/compute.googleapis.com/overview?project=326800394138 then retry. If you enabled this API recently, wait a few minutes for the action to propagate to our systems and retry."},{"@type":"type.googleapis.com/google.rpc.Help","links":[{"description":"Google developers console API activation","url":"https://console.developers.google.com/apis/api/compute.googleapis.com/overview?project=326800394138"}]}]}}
[debug] [2025-08-11T21:37:23.731Z] unable to look up default compute service account. Falling back to 326800394138-compute@developer.gserviceaccount.com. Error: {"name":"FirebaseError","children":[],"context":{"body":{"error":{"code":403,"message":"Compute Engine API has not been used in project 326800394138 before or it is disabled. Enable it by visiting https://console.developers.google.com/apis/api/compute.googleapis.com/overview?project=326800394138 then retry. If you enabled this API recently, wait a few minutes for the action to propagate to our systems and retry.","errors":[{"message":"Compute Engine API has not been used in project 326800394138 before or it is disabled. Enable it by visiting https://console.developers.google.com/apis/api/compute.googleapis.com/overview?project=326800394138 then retry. If you enabled this API recently, wait a few minutes for the action to propagate to our systems and retry.","domain":"usageLimits","reason":"accessNotConfigured","extendedHelp":"https://console.developers.google.com"}],"status":"PERMISSION_DENIED","details":[{"@type":"type.googleapis.com/google.rpc.ErrorInfo","reason":"SERVICE_DISABLED","domain":"googleapis.com","metadata":{"containerInfo":"326800394138","service":"compute.googleapis.com","activationUrl":"https://console.developers.google.com/apis/api/compute.googleapis.com/overview?project=326800394138","consumer":"projects/326800394138","serviceTitle":"Compute Engine API"}},{"@type":"type.googleapis.com/google.rpc.LocalizedMessage","locale":"en-US","message":"Compute Engine API has not been used in project 326800394138 before or it is disabled. Enable it by visiting https://console.developers.google.com/apis/api/compute.googleapis.com/overview?project=326800394138 then retry. If you enabled this API recently, wait a few minutes for the action to propagate to our systems and retry."},{"@type":"type.googleapis.com/google.rpc.Help","links":[{"description":"Google developers console API activation","url":"https://console.developers.google.com/apis/api/compute.googleapis.com/overview?project=326800394138"}]}]}},"response":{"statusCode":403}},"exit":1,"message":"Request to https://compute.googleapis.com/compute/v1/projects/326800394138 had HTTP Error: 403, Compute Engine API has not been used in project 326800394138 before or it is disabled. Enable it by visiting https://console.developers.google.com/apis/api/compute.googleapis.com/overview?project=326800394138 then retry. If you enabled this API recently, wait a few minutes for the action to propagate to our systems and retry.","status":403}
[debug] [2025-08-11T21:37:23.731Z] Checked if tokens are valid: true, expires at: 1754951830058
[debug] [2025-08-11T21:37:23.731Z] Checked if tokens are valid: true, expires at: 1754951830058
[debug] [2025-08-11T21:37:23.732Z] >>> [apiv2][query] GET https://compute.googleapis.com/compute/v1/projects/326800394138 [none]
[debug] [2025-08-11T21:37:23.782Z] <<< [apiv2][status] GET https://compute.googleapis.com/compute/v1/projects/326800394138 403
[debug] [2025-08-11T21:37:23.782Z] <<< [apiv2][body] GET https://compute.googleapis.com/compute/v1/projects/326800394138 {"error":{"code":403,"message":"Compute Engine API has not been used in project 326800394138 before or it is disabled. Enable it by visiting https://console.developers.google.com/apis/api/compute.googleapis.com/overview?project=326800394138 then retry. If you enabled this API recently, wait a few minutes for the action to propagate to our systems and retry.","errors":[{"message":"Compute Engine API has not been used in project 326800394138 before or it is disabled. Enable it by visiting https://console.developers.google.com/apis/api/compute.googleapis.com/overview?project=326800394138 then retry. If you enabled this API recently, wait a few minutes for the action to propagate to our systems and retry.","domain":"usageLimits","reason":"accessNotConfigured","extendedHelp":"https://console.developers.google.com"}],"status":"PERMISSION_DENIED","details":[{"@type":"type.googleapis.com/google.rpc.ErrorInfo","reason":"SERVICE_DISABLED","domain":"googleapis.com","metadata":{"serviceTitle":"Compute Engine API","service":"compute.googleapis.com","containerInfo":"326800394138","consumer":"projects/326800394138","activationUrl":"https://console.developers.google.com/apis/api/compute.googleapis.com/overview?project=326800394138"}},{"@type":"type.googleapis.com/google.rpc.LocalizedMessage","locale":"en-US","message":"Compute Engine API has not been used in project 326800394138 before or it is disabled. Enable it by visiting https://console.developers.google.com/apis/api/compute.googleapis.com/overview?project=326800394138 then retry. If you enabled this API recently, wait a few minutes for the action to propagate to our systems and retry."},{"@type":"type.googleapis.com/google.rpc.Help","links":[{"description":"Google developers console API activation","url":"https://console.developers.google.com/apis/api/compute.googleapis.com/overview?project=326800394138"}]}]}}
[debug] [2025-08-11T21:37:23.782Z] unable to look up default compute service account. Falling back to 326800394138-compute@developer.gserviceaccount.com. Error: {"name":"FirebaseError","children":[],"context":{"body":{"error":{"code":403,"message":"Compute Engine API has not been used in project 326800394138 before or it is disabled. Enable it by visiting https://console.developers.google.com/apis/api/compute.googleapis.com/overview?project=326800394138 then retry. If you enabled this API recently, wait a few minutes for the action to propagate to our systems and retry.","errors":[{"message":"Compute Engine API has not been used in project 326800394138 before or it is disabled. Enable it by visiting https://console.developers.google.com/apis/api/compute.googleapis.com/overview?project=326800394138 then retry. If you enabled this API recently, wait a few minutes for the action to propagate to our systems and retry.","domain":"usageLimits","reason":"accessNotConfigured","extendedHelp":"https://console.developers.google.com"}],"status":"PERMISSION_DENIED","details":[{"@type":"type.googleapis.com/google.rpc.ErrorInfo","reason":"SERVICE_DISABLED","domain":"googleapis.com","metadata":{"serviceTitle":"Compute Engine API","service":"compute.googleapis.com","containerInfo":"326800394138","consumer":"projects/326800394138","activationUrl":"https://console.developers.google.com/apis/api/compute.googleapis.com/overview?project=326800394138"}},{"@type":"type.googleapis.com/google.rpc.LocalizedMessage","locale":"en-US","message":"Compute Engine API has not been used in project 326800394138 before or it is disabled. Enable it by visiting https://console.developers.google.com/apis/api/compute.googleapis.com/overview?project=326800394138 then retry. If you enabled this API recently, wait a few minutes for the action to propagate to our systems and retry."},{"@type":"type.googleapis.com/google.rpc.Help","links":[{"description":"Google developers console API activation","url":"https://console.developers.google.com/apis/api/compute.googleapis.com/overview?project=326800394138"}]}]}},"response":{"statusCode":403}},"exit":1,"message":"Request to https://compute.googleapis.com/compute/v1/projects/326800394138 had HTTP Error: 403, Compute Engine API has not been used in project 326800394138 before or it is disabled. Enable it by visiting https://console.developers.google.com/apis/api/compute.googleapis.com/overview?project=326800394138 then retry. If you enabled this API recently, wait a few minutes for the action to propagate to our systems and retry.","status":403}
[debug] [2025-08-11T21:37:23.782Z] Checked if tokens are valid: true, expires at: 1754951830058
[debug] [2025-08-11T21:37:23.782Z] Checked if tokens are valid: true, expires at: 1754951830058
[debug] [2025-08-11T21:37:23.782Z] >>> [apiv2][query] GET https://compute.googleapis.com/compute/v1/projects/326800394138 [none]
[debug] [2025-08-11T21:37:23.827Z] <<< [apiv2][status] GET https://compute.googleapis.com/compute/v1/projects/326800394138 403
[debug] [2025-08-11T21:37:23.827Z] <<< [apiv2][body] GET https://compute.googleapis.com/compute/v1/projects/326800394138 {"error":{"code":403,"message":"Compute Engine API has not been used in project 326800394138 before or it is disabled. Enable it by visiting https://console.developers.google.com/apis/api/compute.googleapis.com/overview?project=326800394138 then retry. If you enabled this API recently, wait a few minutes for the action to propagate to our systems and retry.","errors":[{"message":"Compute Engine API has not been used in project 326800394138 before or it is disabled. Enable it by visiting https://console.developers.google.com/apis/api/compute.googleapis.com/overview?project=326800394138 then retry. If you enabled this API recently, wait a few minutes for the action to propagate to our systems and retry.","domain":"usageLimits","reason":"accessNotConfigured","extendedHelp":"https://console.developers.google.com"}],"status":"PERMISSION_DENIED","details":[{"@type":"type.googleapis.com/google.rpc.ErrorInfo","reason":"SERVICE_DISABLED","domain":"googleapis.com","metadata":{"consumer":"projects/326800394138","service":"compute.googleapis.com","containerInfo":"326800394138","activationUrl":"https://console.developers.google.com/apis/api/compute.googleapis.com/overview?project=326800394138","serviceTitle":"Compute Engine API"}},{"@type":"type.googleapis.com/google.rpc.LocalizedMessage","locale":"en-US","message":"Compute Engine API has not been used in project 326800394138 before or it is disabled. Enable it by visiting https://console.developers.google.com/apis/api/compute.googleapis.com/overview?project=326800394138 then retry. If you enabled this API recently, wait a few minutes for the action to propagate to our systems and retry."},{"@type":"type.googleapis.com/google.rpc.Help","links":[{"description":"Google developers console API activation","url":"https://console.developers.google.com/apis/api/compute.googleapis.com/overview?project=326800394138"}]}]}}
[debug] [2025-08-11T21:37:23.827Z] unable to look up default compute service account. Falling back to 326800394138-compute@developer.gserviceaccount.com. Error: {"name":"FirebaseError","children":[],"context":{"body":{"error":{"code":403,"message":"Compute Engine API has not been used in project 326800394138 before or it is disabled. Enable it by visiting https://console.developers.google.com/apis/api/compute.googleapis.com/overview?project=326800394138 then retry. If you enabled this API recently, wait a few minutes for the action to propagate to our systems and retry.","errors":[{"message":"Compute Engine API has not been used in project 326800394138 before or it is disabled. Enable it by visiting https://console.developers.google.com/apis/api/compute.googleapis.com/overview?project=326800394138 then retry. If you enabled this API recently, wait a few minutes for the action to propagate to our systems and retry.","domain":"usageLimits","reason":"accessNotConfigured","extendedHelp":"https://console.developers.google.com"}],"status":"PERMISSION_DENIED","details":[{"@type":"type.googleapis.com/google.rpc.ErrorInfo","reason":"SERVICE_DISABLED","domain":"googleapis.com","metadata":{"consumer":"projects/326800394138","service":"compute.googleapis.com","containerInfo":"326800394138","activationUrl":"https://console.developers.google.com/apis/api/compute.googleapis.com/overview?project=326800394138","serviceTitle":"Compute Engine API"}},{"@type":"type.googleapis.com/google.rpc.LocalizedMessage","locale":"en-US","message":"Compute Engine API has not been used in project 326800394138 before or it is disabled. Enable it by visiting https://console.developers.google.com/apis/api/compute.googleapis.com/overview?project=326800394138 then retry. If you enabled this API recently, wait a few minutes for the action to propagate to our systems and retry."},{"@type":"type.googleapis.com/google.rpc.Help","links":[{"description":"Google developers console API activation","url":"https://console.developers.google.com/apis/api/compute.googleapis.com/overview?project=326800394138"}]}]}},"response":{"statusCode":403}},"exit":1,"message":"Request to https://compute.googleapis.com/compute/v1/projects/326800394138 had HTTP Error: 403, Compute Engine API has not been used in project 326800394138 before or it is disabled. Enable it by visiting https://console.developers.google.com/apis/api/compute.googleapis.com/overview?project=326800394138 then retry. If you enabled this API recently, wait a few minutes for the action to propagate to our systems and retry.","status":403}
[debug] [2025-08-11T21:37:23.827Z] Checked if tokens are valid: true, expires at: 1754951830058
[debug] [2025-08-11T21:37:23.828Z] Checked if tokens are valid: true, expires at: 1754951830058
[debug] [2025-08-11T21:37:23.828Z] >>> [apiv2][query] GET https://compute.googleapis.com/compute/v1/projects/326800394138 [none]
[debug] [2025-08-11T21:37:23.902Z] <<< [apiv2][status] GET https://compute.googleapis.com/compute/v1/projects/326800394138 403
[debug] [2025-08-11T21:37:23.902Z] <<< [apiv2][body] GET https://compute.googleapis.com/compute/v1/projects/326800394138 {"error":{"code":403,"message":"Compute Engine API has not been used in project 326800394138 before or it is disabled. Enable it by visiting https://console.developers.google.com/apis/api/compute.googleapis.com/overview?project=326800394138 then retry. If you enabled this API recently, wait a few minutes for the action to propagate to our systems and retry.","errors":[{"message":"Compute Engine API has not been used in project 326800394138 before or it is disabled. Enable it by visiting https://console.developers.google.com/apis/api/compute.googleapis.com/overview?project=326800394138 then retry. If you enabled this API recently, wait a few minutes for the action to propagate to our systems and retry.","domain":"usageLimits","reason":"accessNotConfigured","extendedHelp":"https://console.developers.google.com"}],"status":"PERMISSION_DENIED","details":[{"@type":"type.googleapis.com/google.rpc.ErrorInfo","reason":"SERVICE_DISABLED","domain":"googleapis.com","metadata":{"service":"compute.googleapis.com","serviceTitle":"Compute Engine API","consumer":"projects/326800394138","activationUrl":"https://console.developers.google.com/apis/api/compute.googleapis.com/overview?project=326800394138","containerInfo":"326800394138"}},{"@type":"type.googleapis.com/google.rpc.LocalizedMessage","locale":"en-US","message":"Compute Engine API has not been used in project 326800394138 before or it is disabled. Enable it by visiting https://console.developers.google.com/apis/api/compute.googleapis.com/overview?project=326800394138 then retry. If you enabled this API recently, wait a few minutes for the action to propagate to our systems and retry."},{"@type":"type.googleapis.com/google.rpc.Help","links":[{"description":"Google developers console API activation","url":"https://console.developers.google.com/apis/api/compute.googleapis.com/overview?project=326800394138"}]}]}}
[debug] [2025-08-11T21:37:23.902Z] unable to look up default compute service account. Falling back to 326800394138-compute@developer.gserviceaccount.com. Error: {"name":"FirebaseError","children":[],"context":{"body":{"error":{"code":403,"message":"Compute Engine API has not been used in project 326800394138 before or it is disabled. Enable it by visiting https://console.developers.google.com/apis/api/compute.googleapis.com/overview?project=326800394138 then retry. If you enabled this API recently, wait a few minutes for the action to propagate to our systems and retry.","errors":[{"message":"Compute Engine API has not been used in project 326800394138 before or it is disabled. Enable it by visiting https://console.developers.google.com/apis/api/compute.googleapis.com/overview?project=326800394138 then retry. If you enabled this API recently, wait a few minutes for the action to propagate to our systems and retry.","domain":"usageLimits","reason":"accessNotConfigured","extendedHelp":"https://console.developers.google.com"}],"status":"PERMISSION_DENIED","details":[{"@type":"type.googleapis.com/google.rpc.ErrorInfo","reason":"SERVICE_DISABLED","domain":"googleapis.com","metadata":{"service":"compute.googleapis.com","serviceTitle":"Compute Engine API","consumer":"projects/326800394138","activationUrl":"https://console.developers.google.com/apis/api/compute.googleapis.com/overview?project=326800394138","containerInfo":"326800394138"}},{"@type":"type.googleapis.com/google.rpc.LocalizedMessage","locale":"en-US","message":"Compute Engine API has not been used in project 326800394138 before or it is disabled. Enable it by visiting https://console.developers.google.com/apis/api/compute.googleapis.com/overview?project=326800394138 then retry. If you enabled this API recently, wait a few minutes for the action to propagate to our systems and retry."},{"@type":"type.googleapis.com/google.rpc.Help","links":[{"description":"Google developers console API activation","url":"https://console.developers.google.com/apis/api/compute.googleapis.com/overview?project=326800394138"}]}]}},"response":{"statusCode":403}},"exit":1,"message":"Request to https://compute.googleapis.com/compute/v1/projects/326800394138 had HTTP Error: 403, Compute Engine API has not been used in project 326800394138 before or it is disabled. Enable it by visiting https://console.developers.google.com/apis/api/compute.googleapis.com/overview?project=326800394138 then retry. If you enabled this API recently, wait a few minutes for the action to propagate to our systems and retry.","status":403}
[debug] [2025-08-11T21:37:23.902Z] Checked if tokens are valid: true, expires at: 1754951830058
[debug] [2025-08-11T21:37:23.902Z] Checked if tokens are valid: true, expires at: 1754951830058
[debug] [2025-08-11T21:37:23.903Z] >>> [apiv2][query] GET https://compute.googleapis.com/compute/v1/projects/326800394138 [none]
[debug] [2025-08-11T21:37:24.039Z] <<< [apiv2][status] GET https://compute.googleapis.com/compute/v1/projects/326800394138 403
[debug] [2025-08-11T21:37:24.039Z] <<< [apiv2][body] GET https://compute.googleapis.com/compute/v1/projects/326800394138 {"error":{"code":403,"message":"Compute Engine API has not been used in project 326800394138 before or it is disabled. Enable it by visiting https://console.developers.google.com/apis/api/compute.googleapis.com/overview?project=326800394138 then retry. If you enabled this API recently, wait a few minutes for the action to propagate to our systems and retry.","errors":[{"message":"Compute Engine API has not been used in project 326800394138 before or it is disabled. Enable it by visiting https://console.developers.google.com/apis/api/compute.googleapis.com/overview?project=326800394138 then retry. If you enabled this API recently, wait a few minutes for the action to propagate to our systems and retry.","domain":"usageLimits","reason":"accessNotConfigured","extendedHelp":"https://console.developers.google.com"}],"status":"PERMISSION_DENIED","details":[{"@type":"type.googleapis.com/google.rpc.ErrorInfo","reason":"SERVICE_DISABLED","domain":"googleapis.com","metadata":{"containerInfo":"326800394138","activationUrl":"https://console.developers.google.com/apis/api/compute.googleapis.com/overview?project=326800394138","serviceTitle":"Compute Engine API","service":"compute.googleapis.com","consumer":"projects/326800394138"}},{"@type":"type.googleapis.com/google.rpc.LocalizedMessage","locale":"en-US","message":"Compute Engine API has not been used in project 326800394138 before or it is disabled. Enable it by visiting https://console.developers.google.com/apis/api/compute.googleapis.com/overview?project=326800394138 then retry. If you enabled this API recently, wait a few minutes for the action to propagate to our systems and retry."},{"@type":"type.googleapis.com/google.rpc.Help","links":[{"description":"Google developers console API activation","url":"https://console.developers.google.com/apis/api/compute.googleapis.com/overview?project=326800394138"}]}]}}
[debug] [2025-08-11T21:37:24.039Z] unable to look up default compute service account. Falling back to 326800394138-compute@developer.gserviceaccount.com. Error: {"name":"FirebaseError","children":[],"context":{"body":{"error":{"code":403,"message":"Compute Engine API has not been used in project 326800394138 before or it is disabled. Enable it by visiting https://console.developers.google.com/apis/api/compute.googleapis.com/overview?project=326800394138 then retry. If you enabled this API recently, wait a few minutes for the action to propagate to our systems and retry.","errors":[{"message":"Compute Engine API has not been used in project 326800394138 before or it is disabled. Enable it by visiting https://console.developers.google.com/apis/api/compute.googleapis.com/overview?project=326800394138 then retry. If you enabled this API recently, wait a few minutes for the action to propagate to our systems and retry.","domain":"usageLimits","reason":"accessNotConfigured","extendedHelp":"https://console.developers.google.com"}],"status":"PERMISSION_DENIED","details":[{"@type":"type.googleapis.com/google.rpc.ErrorInfo","reason":"SERVICE_DISABLED","domain":"googleapis.com","metadata":{"containerInfo":"326800394138","activationUrl":"https://console.developers.google.com/apis/api/compute.googleapis.com/overview?project=326800394138","serviceTitle":"Compute Engine API","service":"compute.googleapis.com","consumer":"projects/326800394138"}},{"@type":"type.googleapis.com/google.rpc.LocalizedMessage","locale":"en-US","message":"Compute Engine API has not been used in project 326800394138 before or it is disabled. Enable it by visiting https://console.developers.google.com/apis/api/compute.googleapis.com/overview?project=326800394138 then retry. If you enabled this API recently, wait a few minutes for the action to propagate to our systems and retry."},{"@type":"type.googleapis.com/google.rpc.Help","links":[{"description":"Google developers console API activation","url":"https://console.developers.google.com/apis/api/compute.googleapis.com/overview?project=326800394138"}]}]}},"response":{"statusCode":403}},"exit":1,"message":"Request to https://compute.googleapis.com/compute/v1/projects/326800394138 had HTTP Error: 403, Compute Engine API has not been used in project 326800394138 before or it is disabled. Enable it by visiting https://console.developers.google.com/apis/api/compute.googleapis.com/overview?project=326800394138 then retry. If you enabled this API recently, wait a few minutes for the action to propagate to our systems and retry.","status":403}
[debug] [2025-08-11T21:37:24.042Z] Checked if tokens are valid: true, expires at: 1754951830058
[debug] [2025-08-11T21:37:24.042Z] Checked if tokens are valid: true, expires at: 1754951830058
[debug] [2025-08-11T21:37:24.042Z] >>> [apiv2][query] POST https://firebasehosting.googleapis.com/v1beta1/projects/-/sites/cmvsp-tsam/versions [none]
[debug] [2025-08-11T21:37:24.042Z] >>> [apiv2][body] POST https://firebasehosting.googleapis.com/v1beta1/projects/-/sites/cmvsp-tsam/versions {"status":"CREATED","labels":{"deployment-tool":"cli-firebase"}}
[debug] [2025-08-11T21:37:24.639Z] <<< [apiv2][status] POST https://firebasehosting.googleapis.com/v1beta1/projects/-/sites/cmvsp-tsam/versions 200
[debug] [2025-08-11T21:37:24.639Z] <<< [apiv2][body] POST https://firebasehosting.googleapis.com/v1beta1/projects/-/sites/cmvsp-tsam/versions {"name":"projects/326800394138/sites/cmvsp-tsam/versions/a63bf89b50fd7aa0","status":"CREATED","config":{},"labels":{"deployment-tool":"cli-firebase"}}
[debug] [2025-08-11T21:37:24.640Z] Checked if tokens are valid: true, expires at: 1754951830058
[debug] [2025-08-11T21:37:24.640Z] Checked if tokens are valid: true, expires at: 1754951830058
[debug] [2025-08-11T21:37:24.640Z] >>> [apiv2][query] GET https://firestore.googleapis.com/v1/projects/cmvsp-tsam/databases/(default) [none]
[debug] [2025-08-11T21:37:24.762Z] <<< [apiv2][status] GET https://firestore.googleapis.com/v1/projects/cmvsp-tsam/databases/(default) 200
[debug] [2025-08-11T21:37:24.762Z] <<< [apiv2][body] GET https://firestore.googleapis.com/v1/projects/cmvsp-tsam/databases/(default) {"name":"projects/cmvsp-tsam/databases/(default)","uid":"7b700525-1bee-4221-a0e0-7abedd78ee59","createTime":"2025-07-31T15:56:18.766035Z","updateTime":"2025-07-31T15:56:18.766035Z","locationId":"nam5","type":"FIRESTORE_NATIVE","concurrencyMode":"PESSIMISTIC","versionRetentionPeriod":"3600s","earliestVersionTime":"2025-08-11T20:37:24.742796Z","appEngineIntegrationMode":"DISABLED","keyPrefix":"s","pointInTimeRecoveryEnablement":"POINT_IN_TIME_RECOVERY_DISABLED","deleteProtectionState":"DELETE_PROTECTION_DISABLED","databaseEdition":"STANDARD","freeTier":true,"etag":"IMy/6NXbg48DMO6j5O27544D"}
[debug] [2025-08-11T21:37:24.763Z] Checked if tokens are valid: true, expires at: 1754951830058
[debug] [2025-08-11T21:37:24.763Z] Checked if tokens are valid: true, expires at: 1754951830058
[debug] [2025-08-11T21:37:24.763Z] >>> [apiv2][query] GET https://firebaserules.googleapis.com/v1/projects/cmvsp-tsam/releases pageSize=10&pageToken=
[debug] [2025-08-11T21:37:24.979Z] <<< [apiv2][status] GET https://firebaserules.googleapis.com/v1/projects/cmvsp-tsam/releases 200
[debug] [2025-08-11T21:37:24.979Z] <<< [apiv2][body] GET https://firebaserules.googleapis.com/v1/projects/cmvsp-tsam/releases {"releases":[{"name":"projects/cmvsp-tsam/releases/cloud.firestore","rulesetName":"projects/cmvsp-tsam/rulesets/2ab9550f-f432-49a9-bfaa-dae0b3eff26e","createTime":"2025-07-31T15:56:22.915496Z","updateTime":"2025-08-11T21:27:07.943649Z"},{"name":"projects/cmvsp-tsam/releases/firebase.storage/cmvsp-tsam.firebasestorage.app","rulesetName":"projects/cmvsp-tsam/rulesets/927a72e3-7be4-4400-a02c-1dd43b785965","createTime":"2025-08-07T14:55:18.540490Z","updateTime":"2025-08-07T15:44:31.322468Z"}]}
[debug] [2025-08-11T21:37:24.994Z] Checked if tokens are valid: true, expires at: 1754951830058
[debug] [2025-08-11T21:37:24.995Z] Checked if tokens are valid: true, expires at: 1754951830058
[debug] [2025-08-11T21:37:24.995Z] >>> [apiv2][query] GET https://firebaserules.googleapis.com/v1/projects/cmvsp-tsam/rulesets/2ab9550f-f432-49a9-bfaa-dae0b3eff26e [none]
[debug] [2025-08-11T21:37:25.185Z] <<< [apiv2][status] GET https://firebaserules.googleapis.com/v1/projects/cmvsp-tsam/rulesets/2ab9550f-f432-49a9-bfaa-dae0b3eff26e 200
[debug] [2025-08-11T21:37:25.185Z] <<< [apiv2][body] GET https://firebaserules.googleapis.com/v1/projects/cmvsp-tsam/rulesets/2ab9550f-f432-49a9-bfaa-dae0b3eff26e [omitted]
[info] i  firestore: latest version of firestore.rules already up to date, skipping upload... 
[info] i  firestore: deploying indexes... 
[debug] [2025-08-11T21:37:25.188Z] Checked if tokens are valid: true, expires at: 1754951830058
[debug] [2025-08-11T21:37:25.188Z] Checked if tokens are valid: true, expires at: 1754951830058
[debug] [2025-08-11T21:37:25.188Z] >>> [apiv2][query] POST https://cloudfunctions.googleapis.com/v2/projects/cmvsp-tsam/locations/us-central1/functions:generateUploadUrl [none]
[debug] [2025-08-11T21:37:25.453Z] <<< [apiv2][status] POST https://cloudfunctions.googleapis.com/v2/projects/cmvsp-tsam/locations/us-central1/functions:generateUploadUrl 200
[debug] [2025-08-11T21:37:25.453Z] <<< [apiv2][body] POST https://cloudfunctions.googleapis.com/v2/projects/cmvsp-tsam/locations/us-central1/functions:generateUploadUrl {"uploadUrl":"https://storage.googleapis.com/gcf-v2-uploads-326800394138.us-central1.cloudfunctions.appspot.com/0e64d472-9b23-4ee6-9f94-103954ae5e7f.zip?GoogleAccessId=service-326800394138@gcf-admin-robot.iam.gserviceaccount.com&Expires=1754950045&Signature=q%2BuEOMDip0z6DHf43vJoaCbA15E3KA2FtRORo%2FRM4LiOe993i8zzPw%2B4QC3zj66GQshbRq7aGcHJwmJj%2F3FxLFe0t%2BdE2WuRLhSR52da%2BU2Fpam0aLAYOV%2BLuvZY7HhiHeFsZaoiSjpdjlLdm%2BBewKuWiAqpzmrbIU7DY6YmU7KIy0%2FKzow7sTbP7f5WEd6cNylSi8qoWXfpeXa5fDahLMKRptmbPbS%2F2azh447cImShB%2BsFfiTaYCrI6bra0EV0NQyw1dCtxegEG6rtLF7Ha7hNVtF133wFTXu3opRiPen1ijiG8ZxoOiU2z5XOLT8cgwj9%2Bd8QDGLsLAmlOO9dcA%3D%3D","storageSource":{"bucket":"gcf-v2-uploads-326800394138.us-central1.cloudfunctions.appspot.com","object":"0e64d472-9b23-4ee6-9f94-103954ae5e7f.zip"}}
[debug] [2025-08-11T21:37:25.454Z] >>> [apiv2][query] PUT https://storage.googleapis.com/gcf-v2-uploads-326800394138.us-central1.cloudfunctions.appspot.com/0e64d472-9b23-4ee6-9f94-103954ae5e7f.zip GoogleAccessId=service-326800394138%40gcf-admin-robot.iam.gserviceaccount.com&Expires=1754950045&Signature=q%2BuEOMDip0z6DHf43vJoaCbA15E3KA2FtRORo%2FRM4LiOe993i8zzPw%2B4QC3zj66GQshbRq7aGcHJwmJj%2F3FxLFe0t%2BdE2WuRLhSR52da%2BU2Fpam0aLAYOV%2BLuvZY7HhiHeFsZaoiSjpdjlLdm%2BBewKuWiAqpzmrbIU7DY6YmU7KIy0%2FKzow7sTbP7f5WEd6cNylSi8qoWXfpeXa5fDahLMKRptmbPbS%2F2azh447cImShB%2BsFfiTaYCrI6bra0EV0NQyw1dCtxegEG6rtLF7Ha7hNVtF133wFTXu3opRiPen1ijiG8ZxoOiU2z5XOLT8cgwj9%2Bd8QDGLsLAmlOO9dcA%3D%3D
[debug] [2025-08-11T21:37:25.454Z] >>> [apiv2][body] PUT https://storage.googleapis.com/gcf-v2-uploads-326800394138.us-central1.cloudfunctions.appspot.com/0e64d472-9b23-4ee6-9f94-103954ae5e7f.zip [stream]
[debug] [2025-08-11T21:37:25.675Z] <<< [apiv2][status] PUT https://storage.googleapis.com/gcf-v2-uploads-326800394138.us-central1.cloudfunctions.appspot.com/0e64d472-9b23-4ee6-9f94-103954ae5e7f.zip 200
[debug] [2025-08-11T21:37:25.675Z] <<< [apiv2][body] PUT https://storage.googleapis.com/gcf-v2-uploads-326800394138.us-central1.cloudfunctions.appspot.com/0e64d472-9b23-4ee6-9f94-103954ae5e7f.zip [omitted]
[info] +  functions: functions folder uploaded successfully 
[info] i  hosting[cmvsp-tsam]: beginning deploy... 
[info] i  hosting[cmvsp-tsam]: found 22 files in build 
[debug] [2025-08-11T21:37:25.707Z] [hosting] uploading with 200 concurrency
[debug] [2025-08-11T21:37:26.332Z] Checked if tokens are valid: true, expires at: 1754951830058
[debug] [2025-08-11T21:37:26.332Z] Checked if tokens are valid: true, expires at: 1754951830058
[debug] [2025-08-11T21:37:26.334Z] [hosting] hash cache [YnVpbGQ] stored for 22 files
[debug] [2025-08-11T21:37:26.334Z] [hosting][hash queue][FINAL] {"max":618,"min":8,"avg":50.27272727272727,"active":0,"complete":22,"success":22,"errored":0,"retried":0,"total":22,"elapsed":624}
[debug] [2025-08-11T21:37:26.334Z] >>> [apiv2][query] POST https://firebasehosting.googleapis.com/v1beta1/projects/326800394138/sites/cmvsp-tsam/versions/a63bf89b50fd7aa0:populateFiles [none]
[debug] [2025-08-11T21:37:26.334Z] >>> [apiv2][body] POST https://firebasehosting.googleapis.com/v1beta1/projects/326800394138/sites/cmvsp-tsam/versions/a63bf89b50fd7aa0:populateFiles {"files":{"/robots.txt":"bfe106a3fb878dc83461c86818bf74fc1bdc7f28538ba613cd3e775516ce8b49","/manifest.json":"74a789539ee3543157e8f1f680e206b51bfa6fa19e084d7b0cd188a3605e0869","/logo512.png":"212b102aa09e51b3b3e06647e81f7801a61333e171f6582e8124379aabccb41d","/logo192.png":"79e2b749561016bc8af300ea19f48347ceed3cb1a54f48ae456172eca45e08f0","/favicon.ico":"27edce7be5922cf0bef7d4136f69b5bfbdd5bf8c13c7b026f71187d41a00aa7d","/index.html":"4e6e0a0bee2d1fff056f2fd4957329cefdd8cfc7a68cf1c783e5d0593ca241bc","/asset-manifest.json":"58d62e189953e185e77c8112e8d3d6ff389c3024a610aa8cc9a8f544159e2dd9","/static/js/main.3970f00b.js.LICENSE.txt":"5151c01a757b78b6ea46ffc53cdab9e461177971763f9b14f6f09e0602484966","/static/js/977.7867cd99.chunk.js.LICENSE.txt":"c70090602e112b12d2a921f8ed0ec70c8400ef5ae4fe5f1c9c5ab626626d5683","/static/js/977.7867cd99.chunk.js":"0f3996eb11ca1477e92b7dd7c93d868b65912d112ff2b1c6f4bab284b3a8c186","/static/js/453.e783dfd6.chunk.js.map":"701fe7c21373e37a834b63693660b9e69bdcf18df5b3621a101a340754b2dd05","/static/css/main.770d1bcd.css.map":"cecfb33d3fd7183decf12c1f568dfd4e26887d0a88abe027ab33b339b92bf965","/static/js/453.e783dfd6.chunk.js":"2220e073c163786d22f01d6c3202beaed45c254b63020dc49f2f0bb4557959c7","/static/js/239.10da33ff.chunk.js.LICENSE.txt":"34d91dd0d6d9f3527133408f15dfc02a02d685ae5404131418862e772d3db0a8","/static/css/main.770d1bcd.css":"2edd6b872b7d02a6cbfd9a46c80ef3809b8abe3e380e1269f28c3b6646b0b238","/static/js/977.7867cd99.chunk.js.map":"fbcbdf5843b5b67b78180724588add378f9d73d35576864d80b9e940e0a1fa78","/static/js/732.f0a0d772.chunk.js":"524680af30784be8f517ea4263620b14e2b98816c453114a562a569a265ceedd","/static/js/732.f0a0d772.chunk.js.map":"ace253c637248111b756e8867baefe5df8eb7233e39375378010b43758dea7a2","/static/js/239.10da33ff.chunk.js":"6f3b02cbbfe828f5b4e3cf61476f23ab4c8e067d5c6a2a61e6384058fa6de786","/static/js/main.3970f00b.js":"2644a0c7832d83e66a28b9022c692c87328e87e34f090282cbfbf670eb191352","/static/js/239.10da33ff.chunk.js.map":"a4a050a14f2df306587c2789c49359e78078e0674cad573dbd5a1a042cff580a","/static/js/main.3970f00b.js.map":"3d4041290e1068810669acd3e2594b6c1ae2055f951eda93213fd78e53d66a00"}}
[debug] [2025-08-11T21:37:26.476Z] <<< [apiv2][status] POST https://firebasehosting.googleapis.com/v1beta1/projects/326800394138/sites/cmvsp-tsam/versions/a63bf89b50fd7aa0:populateFiles 200
[debug] [2025-08-11T21:37:26.476Z] <<< [apiv2][body] POST https://firebasehosting.googleapis.com/v1beta1/projects/326800394138/sites/cmvsp-tsam/versions/a63bf89b50fd7aa0:populateFiles {"uploadRequiredHashes":["3d4041290e1068810669acd3e2594b6c1ae2055f951eda93213fd78e53d66a00","2644a0c7832d83e66a28b9022c692c87328e87e34f090282cbfbf670eb191352","58d62e189953e185e77c8112e8d3d6ff389c3024a610aa8cc9a8f544159e2dd9","2edd6b872b7d02a6cbfd9a46c80ef3809b8abe3e380e1269f28c3b6646b0b238","cecfb33d3fd7183decf12c1f568dfd4e26887d0a88abe027ab33b339b92bf965","4e6e0a0bee2d1fff056f2fd4957329cefdd8cfc7a68cf1c783e5d0593ca241bc"],"uploadUrl":"https://upload-firebasehosting.googleapis.com/upload/sites/cmvsp-tsam/versions/a63bf89b50fd7aa0/files"}
[debug] [2025-08-11T21:37:26.477Z] Checked if tokens are valid: true, expires at: 1754951830058
[debug] [2025-08-11T21:37:26.477Z] Checked if tokens are valid: true, expires at: 1754951830058
[debug] [2025-08-11T21:37:26.477Z] Checked if tokens are valid: true, expires at: 1754951830058
[debug] [2025-08-11T21:37:26.477Z] Checked if tokens are valid: true, expires at: 1754951830058
[debug] [2025-08-11T21:37:26.477Z] Checked if tokens are valid: true, expires at: 1754951830058
[debug] [2025-08-11T21:37:26.477Z] Checked if tokens are valid: true, expires at: 1754951830058
[debug] [2025-08-11T21:37:26.477Z] Checked if tokens are valid: true, expires at: 1754951830058
[debug] [2025-08-11T21:37:26.478Z] Checked if tokens are valid: true, expires at: 1754951830058
[debug] [2025-08-11T21:37:26.478Z] Checked if tokens are valid: true, expires at: 1754951830058
[debug] [2025-08-11T21:37:26.478Z] Checked if tokens are valid: true, expires at: 1754951830058
[debug] [2025-08-11T21:37:26.478Z] Checked if tokens are valid: true, expires at: 1754951830058
[debug] [2025-08-11T21:37:26.478Z] Checked if tokens are valid: true, expires at: 1754951830058
[debug] [2025-08-11T21:37:26.478Z] >>> [apiv2][query] POST https://upload-firebasehosting.googleapis.com/upload/sites/cmvsp-tsam/versions/a63bf89b50fd7aa0/files/3d4041290e1068810669acd3e2594b6c1ae2055f951eda93213fd78e53d66a00 [none]
[debug] [2025-08-11T21:37:26.478Z] >>> [apiv2][body] POST https://upload-firebasehosting.googleapis.com/upload/sites/cmvsp-tsam/versions/a63bf89b50fd7aa0/files/3d4041290e1068810669acd3e2594b6c1ae2055f951eda93213fd78e53d66a00 [stream]
[debug] [2025-08-11T21:37:26.479Z] >>> [apiv2][query] POST https://upload-firebasehosting.googleapis.com/upload/sites/cmvsp-tsam/versions/a63bf89b50fd7aa0/files/2644a0c7832d83e66a28b9022c692c87328e87e34f090282cbfbf670eb191352 [none]
[debug] [2025-08-11T21:37:26.480Z] >>> [apiv2][body] POST https://upload-firebasehosting.googleapis.com/upload/sites/cmvsp-tsam/versions/a63bf89b50fd7aa0/files/2644a0c7832d83e66a28b9022c692c87328e87e34f090282cbfbf670eb191352 [stream]
[debug] [2025-08-11T21:37:26.481Z] >>> [apiv2][query] POST https://upload-firebasehosting.googleapis.com/upload/sites/cmvsp-tsam/versions/a63bf89b50fd7aa0/files/58d62e189953e185e77c8112e8d3d6ff389c3024a610aa8cc9a8f544159e2dd9 [none]
[debug] [2025-08-11T21:37:26.481Z] >>> [apiv2][body] POST https://upload-firebasehosting.googleapis.com/upload/sites/cmvsp-tsam/versions/a63bf89b50fd7aa0/files/58d62e189953e185e77c8112e8d3d6ff389c3024a610aa8cc9a8f544159e2dd9 [stream]
[debug] [2025-08-11T21:37:26.482Z] >>> [apiv2][query] POST https://upload-firebasehosting.googleapis.com/upload/sites/cmvsp-tsam/versions/a63bf89b50fd7aa0/files/2edd6b872b7d02a6cbfd9a46c80ef3809b8abe3e380e1269f28c3b6646b0b238 [none]
[debug] [2025-08-11T21:37:26.482Z] >>> [apiv2][body] POST https://upload-firebasehosting.googleapis.com/upload/sites/cmvsp-tsam/versions/a63bf89b50fd7aa0/files/2edd6b872b7d02a6cbfd9a46c80ef3809b8abe3e380e1269f28c3b6646b0b238 [stream]
[debug] [2025-08-11T21:37:26.483Z] >>> [apiv2][query] POST https://upload-firebasehosting.googleapis.com/upload/sites/cmvsp-tsam/versions/a63bf89b50fd7aa0/files/cecfb33d3fd7183decf12c1f568dfd4e26887d0a88abe027ab33b339b92bf965 [none]
[debug] [2025-08-11T21:37:26.483Z] >>> [apiv2][body] POST https://upload-firebasehosting.googleapis.com/upload/sites/cmvsp-tsam/versions/a63bf89b50fd7aa0/files/cecfb33d3fd7183decf12c1f568dfd4e26887d0a88abe027ab33b339b92bf965 [stream]
[debug] [2025-08-11T21:37:26.484Z] >>> [apiv2][query] POST https://upload-firebasehosting.googleapis.com/upload/sites/cmvsp-tsam/versions/a63bf89b50fd7aa0/files/4e6e0a0bee2d1fff056f2fd4957329cefdd8cfc7a68cf1c783e5d0593ca241bc [none]
[debug] [2025-08-11T21:37:26.484Z] >>> [apiv2][body] POST https://upload-firebasehosting.googleapis.com/upload/sites/cmvsp-tsam/versions/a63bf89b50fd7aa0/files/4e6e0a0bee2d1fff056f2fd4957329cefdd8cfc7a68cf1c783e5d0593ca241bc [stream]
[debug] [2025-08-11T21:37:26.485Z] [hosting][populate queue][FINAL] {"max":146,"min":146,"avg":146,"active":0,"complete":1,"success":1,"errored":0,"retried":0,"total":1,"elapsed":153}
[debug] [2025-08-11T21:37:26.485Z] [hosting] uploads queued: 6
